

Started GET "/" for ::1 at 2015-05-10 23:51:08 -0600

ActiveRecord::NoDatabaseError (FATAL:  role "diugalde" does not exist
):
  activerecord (4.2.0) lib/active_record/connection_adapters/postgresql_adapter.rb:661:in `rescue in connect'
  activerecord (4.2.0) lib/active_record/connection_adapters/postgresql_adapter.rb:651:in `connect'
  activerecord (4.2.0) lib/active_record/connection_adapters/postgresql_adapter.rb:242:in `initialize'
  activerecord (4.2.0) lib/active_record/connection_adapters/postgresql_adapter.rb:44:in `new'
  activerecord (4.2.0) lib/active_record/connection_adapters/postgresql_adapter.rb:44:in `postgresql_connection'
  activerecord (4.2.0) lib/active_record/connection_adapters/abstract/connection_pool.rb:436:in `new_connection'
  activerecord (4.2.0) lib/active_record/connection_adapters/abstract/connection_pool.rb:446:in `checkout_new_connection'
  activerecord (4.2.0) lib/active_record/connection_adapters/abstract/connection_pool.rb:422:in `acquire_connection'
  activerecord (4.2.0) lib/active_record/connection_adapters/abstract/connection_pool.rb:349:in `block in checkout'
  /home/diugalde/.rbenv/versions/2.2.1/lib/ruby/2.2.0/monitor.rb:211:in `mon_synchronize'
  activerecord (4.2.0) lib/active_record/connection_adapters/abstract/connection_pool.rb:348:in `checkout'
  activerecord (4.2.0) lib/active_record/connection_adapters/abstract/connection_pool.rb:263:in `block in connection'
  /home/diugalde/.rbenv/versions/2.2.1/lib/ruby/2.2.0/monitor.rb:211:in `mon_synchronize'
  activerecord (4.2.0) lib/active_record/connection_adapters/abstract/connection_pool.rb:262:in `connection'
  activerecord (4.2.0) lib/active_record/connection_adapters/abstract/connection_pool.rb:565:in `retrieve_connection'
  activerecord (4.2.0) lib/active_record/connection_handling.rb:113:in `retrieve_connection'
  activerecord (4.2.0) lib/active_record/connection_handling.rb:87:in `connection'
  activerecord (4.2.0) lib/active_record/migration.rb:384:in `connection'
  activerecord (4.2.0) lib/active_record/migration.rb:371:in `call'
  actionpack (4.2.0) lib/action_dispatch/middleware/callbacks.rb:29:in `block in call'
  activesupport (4.2.0) lib/active_support/callbacks.rb:88:in `call'
  activesupport (4.2.0) lib/active_support/callbacks.rb:88:in `_run_callbacks'
  activesupport (4.2.0) lib/active_support/callbacks.rb:734:in `_run_call_callbacks'
  activesupport (4.2.0) lib/active_support/callbacks.rb:81:in `run_callbacks'
  actionpack (4.2.0) lib/action_dispatch/middleware/callbacks.rb:27:in `call'
  actionpack (4.2.0) lib/action_dispatch/middleware/reloader.rb:73:in `call'
  actionpack (4.2.0) lib/action_dispatch/middleware/remote_ip.rb:78:in `call'
  actionpack (4.2.0) lib/action_dispatch/middleware/debug_exceptions.rb:17:in `call'
  web-console (2.1.2) lib/web_console/middleware.rb:37:in `call'
  actionpack (4.2.0) lib/action_dispatch/middleware/show_exceptions.rb:30:in `call'
  railties (4.2.0) lib/rails/rack/logger.rb:38:in `call_app'
  railties (4.2.0) lib/rails/rack/logger.rb:20:in `block in call'
  activesupport (4.2.0) lib/active_support/tagged_logging.rb:68:in `block in tagged'
  activesupport (4.2.0) lib/active_support/tagged_logging.rb:26:in `tagged'
  activesupport (4.2.0) lib/active_support/tagged_logging.rb:68:in `tagged'
  railties (4.2.0) lib/rails/rack/logger.rb:20:in `call'
  actionpack (4.2.0) lib/action_dispatch/middleware/request_id.rb:21:in `call'
  rack (1.6.1) lib/rack/methodoverride.rb:22:in `call'
  rack (1.6.1) lib/rack/runtime.rb:18:in `call'
  activesupport (4.2.0) lib/active_support/cache/strategy/local_cache_middleware.rb:28:in `call'
  rack (1.6.1) lib/rack/lock.rb:17:in `call'
  actionpack (4.2.0) lib/action_dispatch/middleware/static.rb:113:in `call'
  rack (1.6.1) lib/rack/sendfile.rb:113:in `call'
  railties (4.2.0) lib/rails/engine.rb:518:in `call'
  railties (4.2.0) lib/rails/application.rb:164:in `call'
  rack (1.6.1) lib/rack/lock.rb:17:in `call'
  rack (1.6.1) lib/rack/content_length.rb:15:in `call'
  rack (1.6.1) lib/rack/handler/webrick.rb:89:in `service'
  /home/diugalde/.rbenv/versions/2.2.1/lib/ruby/2.2.0/webrick/httpserver.rb:138:in `service'
  /home/diugalde/.rbenv/versions/2.2.1/lib/ruby/2.2.0/webrick/httpserver.rb:94:in `run'
  /home/diugalde/.rbenv/versions/2.2.1/lib/ruby/2.2.0/webrick/server.rb:294:in `block in start_thread'


  Rendered /home/diugalde/.rbenv/versions/2.2.1/lib/ruby/gems/2.2.0/gems/actionpack-4.2.0/lib/action_dispatch/middleware/templates/rescues/_source.erb (3.4ms)
  Rendered /home/diugalde/.rbenv/versions/2.2.1/lib/ruby/gems/2.2.0/gems/actionpack-4.2.0/lib/action_dispatch/middleware/templates/rescues/_trace.html.erb (1.6ms)
  Rendered /home/diugalde/.rbenv/versions/2.2.1/lib/ruby/gems/2.2.0/gems/actionpack-4.2.0/lib/action_dispatch/middleware/templates/rescues/_request_and_response.html.erb (0.7ms)
  Rendered /home/diugalde/.rbenv/versions/2.2.1/lib/ruby/gems/2.2.0/gems/actionpack-4.2.0/lib/action_dispatch/middleware/templates/rescues/diagnostics.html.erb within rescues/layout (19.5ms)
  Rendered /home/diugalde/.rbenv/versions/2.2.1/lib/ruby/gems/2.2.0/gems/web-console-2.1.2/lib/web_console/templates/_markup.html.erb (0.2ms)
  Rendered /home/diugalde/.rbenv/versions/2.2.1/lib/ruby/gems/2.2.0/gems/web-console-2.1.2/lib/web_console/templates/style.css.erb within layouts/inlined_string (0.2ms)
  Rendered /home/diugalde/.rbenv/versions/2.2.1/lib/ruby/gems/2.2.0/gems/web-console-2.1.2/lib/web_console/templates/_inner_console_markup.html.erb within layouts/inlined_string (0.2ms)
  Rendered /home/diugalde/.rbenv/versions/2.2.1/lib/ruby/gems/2.2.0/gems/web-console-2.1.2/lib/web_console/templates/_prompt_box_markup.html.erb within layouts/inlined_string (0.2ms)
  Rendered /home/diugalde/.rbenv/versions/2.2.1/lib/ruby/gems/2.2.0/gems/web-console-2.1.2/lib/web_console/templates/console.js.erb within layouts/javascript (14.8ms)
  Rendered /home/diugalde/.rbenv/versions/2.2.1/lib/ruby/gems/2.2.0/gems/web-console-2.1.2/lib/web_console/templates/main.js.erb within layouts/javascript (0.2ms)
  Rendered /home/diugalde/.rbenv/versions/2.2.1/lib/ruby/gems/2.2.0/gems/web-console-2.1.2/lib/web_console/templates/error_page.js.erb within layouts/javascript (0.3ms)
  Rendered /home/diugalde/.rbenv/versions/2.2.1/lib/ruby/gems/2.2.0/gems/web-console-2.1.2/lib/web_console/templates/index.html.erb (31.9ms)


Started GET "/" for ::1 at 2015-05-11 00:31:02 -0600
Processing by Rails::WelcomeController#index as HTML
  Rendered /home/diugalde/.rbenv/versions/2.2.1/lib/ruby/gems/2.2.0/gems/railties-4.2.0/lib/rails/templates/rails/welcome/index.html.erb (1.1ms)
Completed 200 OK in 13ms (Views: 6.3ms | ActiveRecord: 0.0ms)
  [1m[36m (39.4ms)[0m  [1mCREATE TABLE "schema_migrations" ("version" character varying NOT NULL) [0m
  [1m[35m (88.3ms)[0m  CREATE UNIQUE INDEX  "unique_schema_migrations" ON "schema_migrations"  ("version")
  [1m[36mActiveRecord::SchemaMigration Load (0.6ms)[0m  [1mSELECT "schema_migrations".* FROM "schema_migrations"[0m
Migrating to DeviseCreateUsers (20150511065505)
  [1m[35m (0.3ms)[0m  BEGIN
DEPRECATION WARNING: `#timestamp` was called without specifying an option for `null`. In Rails 5, this behavior will change to `null: false`. You should manually specify `null: true` to prevent the behavior of your existing migrations from changing. (called from block in change at /home/diugalde/git/UEval/db/migrate/20150511065505_devise_create_users.rb:38)
  [1m[36m (85.4ms)[0m  [1mCREATE TABLE "users" ("id" serial primary key, "email" character varying DEFAULT '' NOT NULL, "encrypted_password" character varying DEFAULT '' NOT NULL, "provider" character varying, "uid" character varying, "role" character varying DEFAULT 'usuario regular', "fullname" character varying, "reset_password_token" character varying, "reset_password_sent_at" timestamp, "remember_created_at" timestamp, "sign_in_count" integer DEFAULT 0 NOT NULL, "current_sign_in_at" timestamp, "last_sign_in_at" timestamp, "current_sign_in_ip" inet, "last_sign_in_ip" inet, "created_at" timestamp, "updated_at" timestamp) [0m
  [1m[35m (21.0ms)[0m  CREATE UNIQUE INDEX  "index_users_on_email" ON "users"  ("email")
  [1m[36m (21.9ms)[0m  [1mCREATE UNIQUE INDEX  "index_users_on_reset_password_token" ON "users"  ("reset_password_token")[0m
  [1m[35mSQL (0.2ms)[0m  INSERT INTO "schema_migrations" ("version") VALUES ($1)  [["version", "20150511065505"]]
  [1m[36m (12.5ms)[0m  [1mCOMMIT[0m
  [1m[35mActiveRecord::SchemaMigration Load (0.2ms)[0m  SELECT "schema_migrations".* FROM "schema_migrations"
  [1m[36m (3.7ms)[0m  [1mSELECT t2.oid::regclass::text AS to_table, a1.attname AS column, a2.attname AS primary_key, c.conname AS name, c.confupdtype AS on_update, c.confdeltype AS on_delete
FROM pg_constraint c
JOIN pg_class t1 ON c.conrelid = t1.oid
JOIN pg_class t2 ON c.confrelid = t2.oid
JOIN pg_attribute a1 ON a1.attnum = c.conkey[1] AND a1.attrelid = t1.oid
JOIN pg_attribute a2 ON a2.attnum = c.confkey[1] AND a2.attrelid = t2.oid
JOIN pg_namespace t3 ON c.connamespace = t3.oid
WHERE c.contype = 'f'
  AND t1.relname = 'users'
  AND t3.nspname = ANY (current_schemas(false))
ORDER BY c.conname
[0m


Started GET "/" for ::1 at 2015-05-11 01:20:11 -0600
  [1m[36mActiveRecord::SchemaMigration Load (0.8ms)[0m  [1mSELECT "schema_migrations".* FROM "schema_migrations"[0m
Processing by Rails::WelcomeController#index as HTML
  Rendered /home/diugalde/.rbenv/versions/2.2.1/lib/ruby/gems/2.2.0/gems/railties-4.2.0/lib/rails/templates/rails/welcome/index.html.erb (1.2ms)
Completed 200 OK in 14ms (Views: 6.9ms | ActiveRecord: 0.0ms)


Started GET "/register" for ::1 at 2015-05-11 01:20:16 -0600

ActionController::RoutingError (No route matches [GET] "/register"):
  actionpack (4.2.0) lib/action_dispatch/middleware/debug_exceptions.rb:21:in `call'
  web-console (2.1.2) lib/web_console/middleware.rb:37:in `call'
  actionpack (4.2.0) lib/action_dispatch/middleware/show_exceptions.rb:30:in `call'
  railties (4.2.0) lib/rails/rack/logger.rb:38:in `call_app'
  railties (4.2.0) lib/rails/rack/logger.rb:20:in `block in call'
  activesupport (4.2.0) lib/active_support/tagged_logging.rb:68:in `block in tagged'
  activesupport (4.2.0) lib/active_support/tagged_logging.rb:26:in `tagged'
  activesupport (4.2.0) lib/active_support/tagged_logging.rb:68:in `tagged'
  railties (4.2.0) lib/rails/rack/logger.rb:20:in `call'
  actionpack (4.2.0) lib/action_dispatch/middleware/request_id.rb:21:in `call'
  rack (1.6.1) lib/rack/methodoverride.rb:22:in `call'
  rack (1.6.1) lib/rack/runtime.rb:18:in `call'
  activesupport (4.2.0) lib/active_support/cache/strategy/local_cache_middleware.rb:28:in `call'
  rack (1.6.1) lib/rack/lock.rb:17:in `call'
  actionpack (4.2.0) lib/action_dispatch/middleware/static.rb:113:in `call'
  rack (1.6.1) lib/rack/sendfile.rb:113:in `call'
  railties (4.2.0) lib/rails/engine.rb:518:in `call'
  railties (4.2.0) lib/rails/application.rb:164:in `call'
  rack (1.6.1) lib/rack/lock.rb:17:in `call'
  rack (1.6.1) lib/rack/content_length.rb:15:in `call'
  rack (1.6.1) lib/rack/handler/webrick.rb:89:in `service'
  /home/diugalde/.rbenv/versions/2.2.1/lib/ruby/2.2.0/webrick/httpserver.rb:138:in `service'
  /home/diugalde/.rbenv/versions/2.2.1/lib/ruby/2.2.0/webrick/httpserver.rb:94:in `run'
  /home/diugalde/.rbenv/versions/2.2.1/lib/ruby/2.2.0/webrick/server.rb:294:in `block in start_thread'


  Rendered /home/diugalde/.rbenv/versions/2.2.1/lib/ruby/gems/2.2.0/gems/actionpack-4.2.0/lib/action_dispatch/middleware/templates/rescues/_trace.html.erb (1.2ms)
  Rendered /home/diugalde/.rbenv/versions/2.2.1/lib/ruby/gems/2.2.0/gems/actionpack-4.2.0/lib/action_dispatch/middleware/templates/routes/_route.html.erb (1.2ms)
  Rendered /home/diugalde/.rbenv/versions/2.2.1/lib/ruby/gems/2.2.0/gems/actionpack-4.2.0/lib/action_dispatch/middleware/templates/routes/_table.html.erb (2.3ms)
  Rendered /home/diugalde/.rbenv/versions/2.2.1/lib/ruby/gems/2.2.0/gems/actionpack-4.2.0/lib/action_dispatch/middleware/templates/rescues/_request_and_response.html.erb (0.9ms)
  Rendered /home/diugalde/.rbenv/versions/2.2.1/lib/ruby/gems/2.2.0/gems/actionpack-4.2.0/lib/action_dispatch/middleware/templates/rescues/routing_error.html.erb within rescues/layout (27.3ms)
  Rendered /home/diugalde/.rbenv/versions/2.2.1/lib/ruby/gems/2.2.0/gems/web-console-2.1.2/lib/web_console/templates/_markup.html.erb (0.2ms)
  Rendered /home/diugalde/.rbenv/versions/2.2.1/lib/ruby/gems/2.2.0/gems/web-console-2.1.2/lib/web_console/templates/style.css.erb within layouts/inlined_string (0.2ms)
  Rendered /home/diugalde/.rbenv/versions/2.2.1/lib/ruby/gems/2.2.0/gems/web-console-2.1.2/lib/web_console/templates/_inner_console_markup.html.erb within layouts/inlined_string (0.2ms)
  Rendered /home/diugalde/.rbenv/versions/2.2.1/lib/ruby/gems/2.2.0/gems/web-console-2.1.2/lib/web_console/templates/_prompt_box_markup.html.erb within layouts/inlined_string (0.2ms)
  Rendered /home/diugalde/.rbenv/versions/2.2.1/lib/ruby/gems/2.2.0/gems/web-console-2.1.2/lib/web_console/templates/console.js.erb within layouts/javascript (13.4ms)
  Rendered /home/diugalde/.rbenv/versions/2.2.1/lib/ruby/gems/2.2.0/gems/web-console-2.1.2/lib/web_console/templates/main.js.erb within layouts/javascript (0.2ms)
  Rendered /home/diugalde/.rbenv/versions/2.2.1/lib/ruby/gems/2.2.0/gems/web-console-2.1.2/lib/web_console/templates/error_page.js.erb within layouts/javascript (0.3ms)
  Rendered /home/diugalde/.rbenv/versions/2.2.1/lib/ruby/gems/2.2.0/gems/web-console-2.1.2/lib/web_console/templates/index.html.erb (27.6ms)


Started GET "/users/sign_in" for ::1 at 2015-05-11 01:21:00 -0600
  [1m[36mActiveRecord::SchemaMigration Load (0.3ms)[0m  [1mSELECT "schema_migrations".* FROM "schema_migrations"[0m
Processing by Devise::SessionsController#new as HTML
  Rendered devise/shared/_links.html.haml (7.5ms)
  Rendered devise/sessions/new.html.haml within layouts/application (27.4ms)
Completed 200 OK in 1916ms (Views: 1887.8ms | ActiveRecord: 5.9ms)


Started GET "/assets/bootstrap_and_overrides.self-b657a6aac47b6fdd73dd7e48005fcbcb6c378195ac30aa42ee58d1eb27c75bd6.css?body=1" for ::1 at 2015-05-11 01:21:02 -0600


Started GET "/assets/application.self-e80e8f2318043e8af94dddc2adad5a4f09739a8ebb323b3ab31cd71d45fd9113.css?body=1" for ::1 at 2015-05-11 01:21:02 -0600


Started GET "/assets/jquery.self-d03a5518f45df77341bdbe6201ba3bfa547ebba8ed64f0ea56bfa5f96ea7c074.js?body=1" for ::1 at 2015-05-11 01:21:02 -0600


Started GET "/assets/jquery_ujs.self-8e98a7a072a6cee1372d19fff9ff3e6aa1e39a37d89d6f06861637d061113ee7.js?body=1" for ::1 at 2015-05-11 01:21:02 -0600


Started GET "/assets/twitter/bootstrap/transition.self-db278e3a8fa6249c16796b113ebd29e11ef4e2cd021618ed84895d524a4511e0.js?body=1" for ::1 at 2015-05-11 01:21:02 -0600


Started GET "/assets/twitter/bootstrap/alert.self-ebce91ec66c71bcee451ea7da9128fd1bf8faa02c6d22ea04c598423431e4c08.js?body=1" for ::1 at 2015-05-11 01:21:02 -0600


Started GET "/assets/twitter/bootstrap/modal.self-ab1767545e27c0dbd36971e656ae4927171f673e3d932cdec2cbef39e991952b.js?body=1" for ::1 at 2015-05-11 01:21:02 -0600


Started GET "/assets/twitter/bootstrap/dropdown.self-8bb9309b6c24a4ba6b94026a049d25b13bdc0553b6fe83255c14a715ba624cc4.js?body=1" for ::1 at 2015-05-11 01:21:02 -0600


Started GET "/assets/twitter/bootstrap/scrollspy.self-bd0c6724cdc75302fe98dfeff923112b76c1673cf4a0752a7050b7feea15594c.js?body=1" for ::1 at 2015-05-11 01:21:02 -0600


Started GET "/assets/twitter/bootstrap/tab.self-7e3ee4a243bb416b5f0111a0be08f8547c5d72ba71fe4afe4a4a007f5cb4e10e.js?body=1" for ::1 at 2015-05-11 01:21:02 -0600


Started GET "/assets/twitter/bootstrap/tooltip.self-d7f9330825307d053f68da11bb9ddc9b070df72deef3d115f2f3d55f66b17457.js?body=1" for ::1 at 2015-05-11 01:21:03 -0600


Started GET "/assets/twitter/bootstrap/popover.self-cd672ecad3b549e1dbd89bfd044e5812d6fdade56f42d48e3acee0c3f4614526.js?body=1" for ::1 at 2015-05-11 01:21:03 -0600


Started GET "/assets/twitter/bootstrap/button.self-ceb562de883e04359bb2c06f07bdf6ecf065cc8a5027e2e58857c5e91b0b68e3.js?body=1" for ::1 at 2015-05-11 01:21:03 -0600


Started GET "/assets/twitter/bootstrap/collapse.self-a87553101c955a01e2e8c81fad69a16582ddbf58fe95d5eb335dde5567af7647.js?body=1" for ::1 at 2015-05-11 01:21:03 -0600


Started GET "/assets/twitter/bootstrap/carousel.self-5d09995e01b647168888180d40e271f9a6759d68ae7ac029d7026af58813d376.js?body=1" for ::1 at 2015-05-11 01:21:03 -0600


Started GET "/assets/twitter/bootstrap/affix.self-14e04bbe71282aa039322ab93e3a3a886ddede5f59a2f365f7c861f697bbeb21.js?body=1" for ::1 at 2015-05-11 01:21:03 -0600


Started GET "/assets/twitter/bootstrap.self-fbfa5ad7d9aa0afe439ec4ff3883acc4cb92b62cb67c40d674320c9aa1d4642d.js?body=1" for ::1 at 2015-05-11 01:21:03 -0600


Started GET "/assets/turbolinks.self-c37727e9bd6b2735da5c311aa83fead54ed0be6cc8bd9a65309e9c5abe2cbfff.js?body=1" for ::1 at 2015-05-11 01:21:03 -0600


Started GET "/assets/bootstrap.self-5afe7e91ef3675e2be97b8d060a7f3755d6dbc615b76df476df55143da70679f.js?body=1" for ::1 at 2015-05-11 01:21:03 -0600


Started GET "/assets/application.self-f98a0dd27ad1c55b2b9cfe97296d4887e5d4a4535b3bbbf9130c1050771738b2.js?body=1" for ::1 at 2015-05-11 01:21:03 -0600


Started GET "/users/sign_up" for ::1 at 2015-05-11 01:21:06 -0600
Processing by Devise::RegistrationsController#new as HTML
  Rendered devise/shared/_links.html.haml (3.1ms)
  Rendered devise/registrations/new.html.haml within layouts/application (9.7ms)
Completed 200 OK in 72ms (Views: 71.6ms | ActiveRecord: 0.0ms)


Started POST "/users" for ::1 at 2015-05-11 01:21:45 -0600
Processing by Devise::RegistrationsController#create as HTML
  Parameters: {"utf8"=>"✓", "authenticity_token"=>"N5Bt6pVX6eXuTLFuLwD59Zq7EDZ9RX7WHW5d4WLtOSGjrc5Hk0dova4vLuKKC0H97tC3r5n3FbV+pfO1R/zS2g==", "user"=>{"email"=>"dua.0695@gmail.com", "password"=>"[FILTERED]", "password_confirmation"=>"[FILTERED]"}, "commit"=>"Sign up"}
  [1m[35m (0.2ms)[0m  BEGIN
  [1m[36mUser Exists (1.2ms)[0m  [1mSELECT  1 AS one FROM "users" WHERE "users"."email" = 'dua.0695@gmail.com' LIMIT 1[0m
  [1m[35mSQL (0.8ms)[0m  INSERT INTO "users" ("email", "encrypted_password", "created_at", "updated_at") VALUES ($1, $2, $3, $4) RETURNING "id"  [["email", "dua.0695@gmail.com"], ["encrypted_password", "$2a$10$MrFivI0nKtQU2sDFV.7JQ..mJ53EkaNAslltJ0kyeloh9gY0dbcOq"], ["created_at", "2015-05-11 07:21:45.473029"], ["updated_at", "2015-05-11 07:21:45.473029"]]
  [1m[36m (19.0ms)[0m  [1mCOMMIT[0m
  [1m[35m (0.2ms)[0m  BEGIN
  [1m[36mSQL (0.5ms)[0m  [1mUPDATE "users" SET "last_sign_in_at" = $1, "current_sign_in_at" = $2, "last_sign_in_ip" = $3, "current_sign_in_ip" = $4, "sign_in_count" = $5, "updated_at" = $6 WHERE "users"."id" = $7[0m  [["last_sign_in_at", "2015-05-11 07:21:45.495235"], ["current_sign_in_at", "2015-05-11 07:21:45.495235"], ["last_sign_in_ip", "::1/128"], ["current_sign_in_ip", "::1/128"], ["sign_in_count", 1], ["updated_at", "2015-05-11 07:21:45.496771"], ["id", 1]]
  [1m[35m (9.1ms)[0m  COMMIT
Redirected to http://localhost:3000/
Completed 302 Found in 122ms (ActiveRecord: 31.3ms)


Started GET "/" for ::1 at 2015-05-11 01:21:45 -0600
Processing by Rails::WelcomeController#index as HTML
  Rendered /home/diugalde/.rbenv/versions/2.2.1/lib/ruby/gems/2.2.0/gems/railties-4.2.0/lib/rails/templates/rails/welcome/index.html.erb (0.5ms)
Completed 200 OK in 3ms (Views: 2.7ms | ActiveRecord: 0.0ms)


Started GET "/users/sign_out" for ::1 at 2015-05-11 01:21:54 -0600

ActionController::RoutingError (No route matches [GET] "/users/sign_out"):
  actionpack (4.2.0) lib/action_dispatch/middleware/debug_exceptions.rb:21:in `call'
  web-console (2.1.2) lib/web_console/middleware.rb:37:in `call'
  actionpack (4.2.0) lib/action_dispatch/middleware/show_exceptions.rb:30:in `call'
  railties (4.2.0) lib/rails/rack/logger.rb:38:in `call_app'
  railties (4.2.0) lib/rails/rack/logger.rb:20:in `block in call'
  activesupport (4.2.0) lib/active_support/tagged_logging.rb:68:in `block in tagged'
  activesupport (4.2.0) lib/active_support/tagged_logging.rb:26:in `tagged'
  activesupport (4.2.0) lib/active_support/tagged_logging.rb:68:in `tagged'
  railties (4.2.0) lib/rails/rack/logger.rb:20:in `call'
  actionpack (4.2.0) lib/action_dispatch/middleware/request_id.rb:21:in `call'
  rack (1.6.1) lib/rack/methodoverride.rb:22:in `call'
  rack (1.6.1) lib/rack/runtime.rb:18:in `call'
  activesupport (4.2.0) lib/active_support/cache/strategy/local_cache_middleware.rb:28:in `call'
  rack (1.6.1) lib/rack/lock.rb:17:in `call'
  actionpack (4.2.0) lib/action_dispatch/middleware/static.rb:113:in `call'
  rack (1.6.1) lib/rack/sendfile.rb:113:in `call'
  railties (4.2.0) lib/rails/engine.rb:518:in `call'
  railties (4.2.0) lib/rails/application.rb:164:in `call'
  rack (1.6.1) lib/rack/lock.rb:17:in `call'
  rack (1.6.1) lib/rack/content_length.rb:15:in `call'
  rack (1.6.1) lib/rack/handler/webrick.rb:89:in `service'
  /home/diugalde/.rbenv/versions/2.2.1/lib/ruby/2.2.0/webrick/httpserver.rb:138:in `service'
  /home/diugalde/.rbenv/versions/2.2.1/lib/ruby/2.2.0/webrick/httpserver.rb:94:in `run'
  /home/diugalde/.rbenv/versions/2.2.1/lib/ruby/2.2.0/webrick/server.rb:294:in `block in start_thread'


  Rendered /home/diugalde/.rbenv/versions/2.2.1/lib/ruby/gems/2.2.0/gems/actionpack-4.2.0/lib/action_dispatch/middleware/templates/rescues/_trace.html.erb (1.1ms)
  Rendered /home/diugalde/.rbenv/versions/2.2.1/lib/ruby/gems/2.2.0/gems/actionpack-4.2.0/lib/action_dispatch/middleware/templates/routes/_route.html.erb (1.3ms)
  Rendered /home/diugalde/.rbenv/versions/2.2.1/lib/ruby/gems/2.2.0/gems/actionpack-4.2.0/lib/action_dispatch/middleware/templates/routes/_table.html.erb (1.7ms)
  Rendered /home/diugalde/.rbenv/versions/2.2.1/lib/ruby/gems/2.2.0/gems/actionpack-4.2.0/lib/action_dispatch/middleware/templates/rescues/_request_and_response.html.erb (1.0ms)
  Rendered /home/diugalde/.rbenv/versions/2.2.1/lib/ruby/gems/2.2.0/gems/actionpack-4.2.0/lib/action_dispatch/middleware/templates/rescues/routing_error.html.erb within rescues/layout (24.2ms)
  Rendered /home/diugalde/.rbenv/versions/2.2.1/lib/ruby/gems/2.2.0/gems/web-console-2.1.2/lib/web_console/templates/_markup.html.erb (0.2ms)
  Rendered /home/diugalde/.rbenv/versions/2.2.1/lib/ruby/gems/2.2.0/gems/web-console-2.1.2/lib/web_console/templates/style.css.erb within layouts/inlined_string (0.2ms)
  Rendered /home/diugalde/.rbenv/versions/2.2.1/lib/ruby/gems/2.2.0/gems/web-console-2.1.2/lib/web_console/templates/_inner_console_markup.html.erb within layouts/inlined_string (0.2ms)
  Rendered /home/diugalde/.rbenv/versions/2.2.1/lib/ruby/gems/2.2.0/gems/web-console-2.1.2/lib/web_console/templates/_prompt_box_markup.html.erb within layouts/inlined_string (0.2ms)
  Rendered /home/diugalde/.rbenv/versions/2.2.1/lib/ruby/gems/2.2.0/gems/web-console-2.1.2/lib/web_console/templates/console.js.erb within layouts/javascript (17.7ms)
  Rendered /home/diugalde/.rbenv/versions/2.2.1/lib/ruby/gems/2.2.0/gems/web-console-2.1.2/lib/web_console/templates/main.js.erb within layouts/javascript (0.3ms)
  Rendered /home/diugalde/.rbenv/versions/2.2.1/lib/ruby/gems/2.2.0/gems/web-console-2.1.2/lib/web_console/templates/error_page.js.erb within layouts/javascript (0.3ms)
  Rendered /home/diugalde/.rbenv/versions/2.2.1/lib/ruby/gems/2.2.0/gems/web-console-2.1.2/lib/web_console/templates/index.html.erb (33.5ms)


Started GET "/users/sign_in" for ::1 at 2015-05-11 01:24:01 -0600
  [1m[36mActiveRecord::SchemaMigration Load (0.4ms)[0m  [1mSELECT "schema_migrations".* FROM "schema_migrations"[0m
Processing by Devise::SessionsController#new as HTML
  [1m[35mUser Load (0.5ms)[0m  SELECT  "users".* FROM "users" WHERE "users"."id" = $1  ORDER BY "users"."id" ASC LIMIT 1  [["id", 1]]
Redirected to http://localhost:3000/
Filter chain halted as :require_no_authentication rendered or redirected
Completed 302 Found in 39ms (ActiveRecord: 6.9ms)


Started GET "/" for ::1 at 2015-05-11 01:24:02 -0600
Processing by Rails::WelcomeController#index as HTML
  Rendered /home/diugalde/.rbenv/versions/2.2.1/lib/ruby/gems/2.2.0/gems/railties-4.2.0/lib/rails/templates/rails/welcome/index.html.erb (5.1ms)
Completed 200 OK in 11ms (Views: 10.5ms | ActiveRecord: 0.0ms)


Started GET "/users/sign_out" for ::1 at 2015-05-11 01:24:10 -0600

ActionController::RoutingError (No route matches [GET] "/users/sign_out"):
  actionpack (4.2.0) lib/action_dispatch/middleware/debug_exceptions.rb:21:in `call'
  web-console (2.1.2) lib/web_console/middleware.rb:37:in `call'
  actionpack (4.2.0) lib/action_dispatch/middleware/show_exceptions.rb:30:in `call'
  railties (4.2.0) lib/rails/rack/logger.rb:38:in `call_app'
  railties (4.2.0) lib/rails/rack/logger.rb:20:in `block in call'
  activesupport (4.2.0) lib/active_support/tagged_logging.rb:68:in `block in tagged'
  activesupport (4.2.0) lib/active_support/tagged_logging.rb:26:in `tagged'
  activesupport (4.2.0) lib/active_support/tagged_logging.rb:68:in `tagged'
  railties (4.2.0) lib/rails/rack/logger.rb:20:in `call'
  actionpack (4.2.0) lib/action_dispatch/middleware/request_id.rb:21:in `call'
  rack (1.6.1) lib/rack/methodoverride.rb:22:in `call'
  rack (1.6.1) lib/rack/runtime.rb:18:in `call'
  activesupport (4.2.0) lib/active_support/cache/strategy/local_cache_middleware.rb:28:in `call'
  rack (1.6.1) lib/rack/lock.rb:17:in `call'
  actionpack (4.2.0) lib/action_dispatch/middleware/static.rb:113:in `call'
  rack (1.6.1) lib/rack/sendfile.rb:113:in `call'
  railties (4.2.0) lib/rails/engine.rb:518:in `call'
  railties (4.2.0) lib/rails/application.rb:164:in `call'
  rack (1.6.1) lib/rack/lock.rb:17:in `call'
  rack (1.6.1) lib/rack/content_length.rb:15:in `call'
  rack (1.6.1) lib/rack/handler/webrick.rb:89:in `service'
  /home/diugalde/.rbenv/versions/2.2.1/lib/ruby/2.2.0/webrick/httpserver.rb:138:in `service'
  /home/diugalde/.rbenv/versions/2.2.1/lib/ruby/2.2.0/webrick/httpserver.rb:94:in `run'
  /home/diugalde/.rbenv/versions/2.2.1/lib/ruby/2.2.0/webrick/server.rb:294:in `block in start_thread'


  Rendered /home/diugalde/.rbenv/versions/2.2.1/lib/ruby/gems/2.2.0/gems/actionpack-4.2.0/lib/action_dispatch/middleware/templates/rescues/_trace.html.erb (1.2ms)
  Rendered /home/diugalde/.rbenv/versions/2.2.1/lib/ruby/gems/2.2.0/gems/actionpack-4.2.0/lib/action_dispatch/middleware/templates/routes/_route.html.erb (1.3ms)
  Rendered /home/diugalde/.rbenv/versions/2.2.1/lib/ruby/gems/2.2.0/gems/actionpack-4.2.0/lib/action_dispatch/middleware/templates/routes/_table.html.erb (2.5ms)
  Rendered /home/diugalde/.rbenv/versions/2.2.1/lib/ruby/gems/2.2.0/gems/actionpack-4.2.0/lib/action_dispatch/middleware/templates/rescues/_request_and_response.html.erb (1.1ms)
  Rendered /home/diugalde/.rbenv/versions/2.2.1/lib/ruby/gems/2.2.0/gems/actionpack-4.2.0/lib/action_dispatch/middleware/templates/rescues/routing_error.html.erb within rescues/layout (39.6ms)
  Rendered /home/diugalde/.rbenv/versions/2.2.1/lib/ruby/gems/2.2.0/gems/web-console-2.1.2/lib/web_console/templates/_markup.html.erb (0.2ms)
  Rendered /home/diugalde/.rbenv/versions/2.2.1/lib/ruby/gems/2.2.0/gems/web-console-2.1.2/lib/web_console/templates/style.css.erb within layouts/inlined_string (0.2ms)
  Rendered /home/diugalde/.rbenv/versions/2.2.1/lib/ruby/gems/2.2.0/gems/web-console-2.1.2/lib/web_console/templates/_inner_console_markup.html.erb within layouts/inlined_string (0.2ms)
  Rendered /home/diugalde/.rbenv/versions/2.2.1/lib/ruby/gems/2.2.0/gems/web-console-2.1.2/lib/web_console/templates/_prompt_box_markup.html.erb within layouts/inlined_string (0.2ms)
  Rendered /home/diugalde/.rbenv/versions/2.2.1/lib/ruby/gems/2.2.0/gems/web-console-2.1.2/lib/web_console/templates/console.js.erb within layouts/javascript (13.8ms)
  Rendered /home/diugalde/.rbenv/versions/2.2.1/lib/ruby/gems/2.2.0/gems/web-console-2.1.2/lib/web_console/templates/main.js.erb within layouts/javascript (0.2ms)
  Rendered /home/diugalde/.rbenv/versions/2.2.1/lib/ruby/gems/2.2.0/gems/web-console-2.1.2/lib/web_console/templates/error_page.js.erb within layouts/javascript (0.2ms)
  Rendered /home/diugalde/.rbenv/versions/2.2.1/lib/ruby/gems/2.2.0/gems/web-console-2.1.2/lib/web_console/templates/index.html.erb (28.1ms)


Started GET "/" for ::1 at 2015-05-11 01:50:15 -0600
  [1m[36mActiveRecord::SchemaMigration Load (0.5ms)[0m  [1mSELECT "schema_migrations".* FROM "schema_migrations"[0m
Processing by Rails::WelcomeController#index as HTML
  Rendered /home/diugalde/.rbenv/versions/2.2.1/lib/ruby/gems/2.2.0/gems/railties-4.2.0/lib/rails/templates/rails/welcome/index.html.erb (1.7ms)
Completed 200 OK in 17ms (Views: 8.8ms | ActiveRecord: 0.0ms)


Started GET "/users/sign_in" for ::1 at 2015-05-11 01:50:20 -0600
Processing by Devise::SessionsController#new as HTML
  [1m[35mUser Load (0.8ms)[0m  SELECT  "users".* FROM "users" WHERE "users"."id" = $1  ORDER BY "users"."id" ASC LIMIT 1  [["id", 1]]
Redirected to http://localhost:3000/
Filter chain halted as :require_no_authentication rendered or redirected
Completed 302 Found in 44ms (ActiveRecord: 6.3ms)


Started GET "/" for ::1 at 2015-05-11 01:50:20 -0600
Processing by Rails::WelcomeController#index as HTML
  Rendered /home/diugalde/.rbenv/versions/2.2.1/lib/ruby/gems/2.2.0/gems/railties-4.2.0/lib/rails/templates/rails/welcome/index.html.erb (0.1ms)
Completed 200 OK in 2ms (Views: 1.6ms | ActiveRecord: 0.0ms)


Started GET "/users/sign_out" for ::1 at 2015-05-11 01:50:33 -0600

ActionController::RoutingError (No route matches [GET] "/users/sign_out"):
  actionpack (4.2.0) lib/action_dispatch/middleware/debug_exceptions.rb:21:in `call'
  web-console (2.1.2) lib/web_console/middleware.rb:37:in `call'
  actionpack (4.2.0) lib/action_dispatch/middleware/show_exceptions.rb:30:in `call'
  railties (4.2.0) lib/rails/rack/logger.rb:38:in `call_app'
  railties (4.2.0) lib/rails/rack/logger.rb:20:in `block in call'
  activesupport (4.2.0) lib/active_support/tagged_logging.rb:68:in `block in tagged'
  activesupport (4.2.0) lib/active_support/tagged_logging.rb:26:in `tagged'
  activesupport (4.2.0) lib/active_support/tagged_logging.rb:68:in `tagged'
  railties (4.2.0) lib/rails/rack/logger.rb:20:in `call'
  actionpack (4.2.0) lib/action_dispatch/middleware/request_id.rb:21:in `call'
  rack (1.6.1) lib/rack/methodoverride.rb:22:in `call'
  rack (1.6.1) lib/rack/runtime.rb:18:in `call'
  activesupport (4.2.0) lib/active_support/cache/strategy/local_cache_middleware.rb:28:in `call'
  rack (1.6.1) lib/rack/lock.rb:17:in `call'
  actionpack (4.2.0) lib/action_dispatch/middleware/static.rb:113:in `call'
  rack (1.6.1) lib/rack/sendfile.rb:113:in `call'
  railties (4.2.0) lib/rails/engine.rb:518:in `call'
  railties (4.2.0) lib/rails/application.rb:164:in `call'
  rack (1.6.1) lib/rack/lock.rb:17:in `call'
  rack (1.6.1) lib/rack/content_length.rb:15:in `call'
  rack (1.6.1) lib/rack/handler/webrick.rb:89:in `service'
  /home/diugalde/.rbenv/versions/2.2.1/lib/ruby/2.2.0/webrick/httpserver.rb:138:in `service'
  /home/diugalde/.rbenv/versions/2.2.1/lib/ruby/2.2.0/webrick/httpserver.rb:94:in `run'
  /home/diugalde/.rbenv/versions/2.2.1/lib/ruby/2.2.0/webrick/server.rb:294:in `block in start_thread'


  Rendered /home/diugalde/.rbenv/versions/2.2.1/lib/ruby/gems/2.2.0/gems/actionpack-4.2.0/lib/action_dispatch/middleware/templates/rescues/_trace.html.erb (1.1ms)
  Rendered /home/diugalde/.rbenv/versions/2.2.1/lib/ruby/gems/2.2.0/gems/actionpack-4.2.0/lib/action_dispatch/middleware/templates/routes/_route.html.erb (1.2ms)
  Rendered /home/diugalde/.rbenv/versions/2.2.1/lib/ruby/gems/2.2.0/gems/actionpack-4.2.0/lib/action_dispatch/middleware/templates/routes/_table.html.erb (2.3ms)
  Rendered /home/diugalde/.rbenv/versions/2.2.1/lib/ruby/gems/2.2.0/gems/actionpack-4.2.0/lib/action_dispatch/middleware/templates/rescues/_request_and_response.html.erb (1.0ms)
  Rendered /home/diugalde/.rbenv/versions/2.2.1/lib/ruby/gems/2.2.0/gems/actionpack-4.2.0/lib/action_dispatch/middleware/templates/rescues/routing_error.html.erb within rescues/layout (26.4ms)
  Rendered /home/diugalde/.rbenv/versions/2.2.1/lib/ruby/gems/2.2.0/gems/web-console-2.1.2/lib/web_console/templates/_markup.html.erb (0.2ms)
  Rendered /home/diugalde/.rbenv/versions/2.2.1/lib/ruby/gems/2.2.0/gems/web-console-2.1.2/lib/web_console/templates/style.css.erb within layouts/inlined_string (0.2ms)
  Rendered /home/diugalde/.rbenv/versions/2.2.1/lib/ruby/gems/2.2.0/gems/web-console-2.1.2/lib/web_console/templates/_inner_console_markup.html.erb within layouts/inlined_string (0.2ms)
  Rendered /home/diugalde/.rbenv/versions/2.2.1/lib/ruby/gems/2.2.0/gems/web-console-2.1.2/lib/web_console/templates/_prompt_box_markup.html.erb within layouts/inlined_string (0.2ms)
  Rendered /home/diugalde/.rbenv/versions/2.2.1/lib/ruby/gems/2.2.0/gems/web-console-2.1.2/lib/web_console/templates/console.js.erb within layouts/javascript (13.4ms)
  Rendered /home/diugalde/.rbenv/versions/2.2.1/lib/ruby/gems/2.2.0/gems/web-console-2.1.2/lib/web_console/templates/main.js.erb within layouts/javascript (0.2ms)
  Rendered /home/diugalde/.rbenv/versions/2.2.1/lib/ruby/gems/2.2.0/gems/web-console-2.1.2/lib/web_console/templates/error_page.js.erb within layouts/javascript (0.3ms)
  Rendered /home/diugalde/.rbenv/versions/2.2.1/lib/ruby/gems/2.2.0/gems/web-console-2.1.2/lib/web_console/templates/index.html.erb (27.6ms)


Started GET "/users/sign_up" for ::1 at 2015-05-11 01:51:21 -0600
Processing by Devise::RegistrationsController#new as HTML
  [1m[36mUser Load (0.6ms)[0m  [1mSELECT  "users".* FROM "users" WHERE "users"."id" = $1  ORDER BY "users"."id" ASC LIMIT 1[0m  [["id", 1]]
Redirected to http://localhost:3000/
Filter chain halted as :require_no_authentication rendered or redirected
Completed 302 Found in 2ms (ActiveRecord: 0.6ms)


Started GET "/" for ::1 at 2015-05-11 01:51:22 -0600
Processing by Rails::WelcomeController#index as HTML
  Rendered /home/diugalde/.rbenv/versions/2.2.1/lib/ruby/gems/2.2.0/gems/railties-4.2.0/lib/rails/templates/rails/welcome/index.html.erb (0.1ms)
Completed 200 OK in 1ms (Views: 0.9ms | ActiveRecord: 0.0ms)


Started GET "/users/sign_up" for ::1 at 2015-05-11 01:55:38 -0600
Processing by Devise::RegistrationsController#new as HTML
  Rendered devise/shared/_links.html.haml (7.6ms)
  Rendered devise/registrations/new.html.haml within layouts/application (19.9ms)
Completed 500 Internal Server Error in 282ms

ActionView::Template::Error (Missing partial partials/_alerts with {:locale=>[:en], :formats=>[:html], :variants=>[], :handlers=>[:erb, :builder, :raw, :ruby, :haml, :jbuilder]}. Searched in:
  * "/home/diugalde/git/UEval/app/views"
  * "/home/diugalde/.rbenv/versions/2.2.1/lib/ruby/gems/2.2.0/gems/devise-3.4.1/app/views"
  * "/home/diugalde/.rbenv/versions/2.2.1/lib/ruby/gems/2.2.0/gems/twitter-bootstrap-rails-3.2.0/app/views"
):
    26:             \#{link_to "Entrar", new_user_session_path, :class => 'navbar-link'}
    27:             %br/
    28:             = link_to "Entrar con Facebook", user_omniauth_authorize_path(:facebook)
    29:     = render 'partials/alerts'
    30:     %main
    31:       = yield
    32:     #footerNav.navbar-default.navbar-bottom
  app/views/layouts/application.html.haml:29:in `_app_views_layouts_application_html_haml___580356772375209406_70115211376280'


  Rendered /home/diugalde/.rbenv/versions/2.2.1/lib/ruby/gems/2.2.0/gems/actionpack-4.2.0/lib/action_dispatch/middleware/templates/rescues/_source.erb (7.6ms)
  Rendered /home/diugalde/.rbenv/versions/2.2.1/lib/ruby/gems/2.2.0/gems/actionpack-4.2.0/lib/action_dispatch/middleware/templates/rescues/_trace.html.erb (2.8ms)
  Rendered /home/diugalde/.rbenv/versions/2.2.1/lib/ruby/gems/2.2.0/gems/actionpack-4.2.0/lib/action_dispatch/middleware/templates/rescues/_request_and_response.html.erb (0.7ms)
  Rendered /home/diugalde/.rbenv/versions/2.2.1/lib/ruby/gems/2.2.0/gems/actionpack-4.2.0/lib/action_dispatch/middleware/templates/rescues/template_error.html.erb within rescues/layout (23.3ms)
  Rendered /home/diugalde/.rbenv/versions/2.2.1/lib/ruby/gems/2.2.0/gems/web-console-2.1.2/lib/web_console/templates/_markup.html.erb (0.2ms)
  Rendered /home/diugalde/.rbenv/versions/2.2.1/lib/ruby/gems/2.2.0/gems/web-console-2.1.2/lib/web_console/templates/style.css.erb within layouts/inlined_string (0.2ms)
  Rendered /home/diugalde/.rbenv/versions/2.2.1/lib/ruby/gems/2.2.0/gems/web-console-2.1.2/lib/web_console/templates/_inner_console_markup.html.erb within layouts/inlined_string (0.2ms)
  Rendered /home/diugalde/.rbenv/versions/2.2.1/lib/ruby/gems/2.2.0/gems/web-console-2.1.2/lib/web_console/templates/_prompt_box_markup.html.erb within layouts/inlined_string (0.2ms)
  Rendered /home/diugalde/.rbenv/versions/2.2.1/lib/ruby/gems/2.2.0/gems/web-console-2.1.2/lib/web_console/templates/console.js.erb within layouts/javascript (13.4ms)
  Rendered /home/diugalde/.rbenv/versions/2.2.1/lib/ruby/gems/2.2.0/gems/web-console-2.1.2/lib/web_console/templates/main.js.erb within layouts/javascript (0.2ms)
  Rendered /home/diugalde/.rbenv/versions/2.2.1/lib/ruby/gems/2.2.0/gems/web-console-2.1.2/lib/web_console/templates/error_page.js.erb within layouts/javascript (0.3ms)
  Rendered /home/diugalde/.rbenv/versions/2.2.1/lib/ruby/gems/2.2.0/gems/web-console-2.1.2/lib/web_console/templates/index.html.erb (27.5ms)


Started GET "/users/sign_up" for ::1 at 2015-05-11 01:56:12 -0600
Processing by Devise::RegistrationsController#new as HTML
  Rendered devise/shared/_links.html.haml (3.0ms)
  Rendered devise/registrations/new.html.haml within layouts/application (7.2ms)
Completed 500 Internal Server Error in 74ms

ActionView::Template::Error (Missing partial partials/_alerts with {:locale=>[:en], :formats=>[:html], :variants=>[], :handlers=>[:erb, :builder, :raw, :ruby, :haml, :jbuilder]}. Searched in:
  * "/home/diugalde/git/UEval/app/views"
  * "/home/diugalde/.rbenv/versions/2.2.1/lib/ruby/gems/2.2.0/gems/devise-3.4.1/app/views"
  * "/home/diugalde/.rbenv/versions/2.2.1/lib/ruby/gems/2.2.0/gems/twitter-bootstrap-rails-3.2.0/app/views"
):
    26:             \#{link_to "Entrar", new_user_session_path, :class => 'navbar-link'}
    27:             %br/
    28:             = link_to "Entrar con Facebook", user_omniauth_authorize_path(:facebook)
    29:     = render '/partials/alerts'
    30:     %main
    31:       = yield
    32:     #footerNav.navbar-default.navbar-bottom
  app/views/layouts/application.html.haml:29:in `_app_views_layouts_application_html_haml___580356772375209406_70115224480200'


  Rendered /home/diugalde/.rbenv/versions/2.2.1/lib/ruby/gems/2.2.0/gems/actionpack-4.2.0/lib/action_dispatch/middleware/templates/rescues/_source.erb (7.8ms)
  Rendered /home/diugalde/.rbenv/versions/2.2.1/lib/ruby/gems/2.2.0/gems/actionpack-4.2.0/lib/action_dispatch/middleware/templates/rescues/_trace.html.erb (2.8ms)
  Rendered /home/diugalde/.rbenv/versions/2.2.1/lib/ruby/gems/2.2.0/gems/actionpack-4.2.0/lib/action_dispatch/middleware/templates/rescues/_request_and_response.html.erb (0.7ms)
  Rendered /home/diugalde/.rbenv/versions/2.2.1/lib/ruby/gems/2.2.0/gems/actionpack-4.2.0/lib/action_dispatch/middleware/templates/rescues/template_error.html.erb within rescues/layout (23.6ms)
  Rendered /home/diugalde/.rbenv/versions/2.2.1/lib/ruby/gems/2.2.0/gems/web-console-2.1.2/lib/web_console/templates/_markup.html.erb (0.2ms)
  Rendered /home/diugalde/.rbenv/versions/2.2.1/lib/ruby/gems/2.2.0/gems/web-console-2.1.2/lib/web_console/templates/style.css.erb within layouts/inlined_string (0.2ms)
  Rendered /home/diugalde/.rbenv/versions/2.2.1/lib/ruby/gems/2.2.0/gems/web-console-2.1.2/lib/web_console/templates/_inner_console_markup.html.erb within layouts/inlined_string (0.2ms)
  Rendered /home/diugalde/.rbenv/versions/2.2.1/lib/ruby/gems/2.2.0/gems/web-console-2.1.2/lib/web_console/templates/_prompt_box_markup.html.erb within layouts/inlined_string (0.2ms)
  Rendered /home/diugalde/.rbenv/versions/2.2.1/lib/ruby/gems/2.2.0/gems/web-console-2.1.2/lib/web_console/templates/console.js.erb within layouts/javascript (13.5ms)
  Rendered /home/diugalde/.rbenv/versions/2.2.1/lib/ruby/gems/2.2.0/gems/web-console-2.1.2/lib/web_console/templates/main.js.erb within layouts/javascript (0.2ms)
  Rendered /home/diugalde/.rbenv/versions/2.2.1/lib/ruby/gems/2.2.0/gems/web-console-2.1.2/lib/web_console/templates/error_page.js.erb within layouts/javascript (0.3ms)
  Rendered /home/diugalde/.rbenv/versions/2.2.1/lib/ruby/gems/2.2.0/gems/web-console-2.1.2/lib/web_console/templates/index.html.erb (28.0ms)


Started GET "/users/sign_up" for ::1 at 2015-05-11 01:56:26 -0600
Processing by Devise::RegistrationsController#new as HTML
  Rendered devise/shared/_links.html.haml (3.0ms)
  Rendered devise/registrations/new.html.haml within layouts/application (7.2ms)
Completed 200 OK in 76ms (Views: 74.6ms | ActiveRecord: 0.0ms)


Started GET "/assets/application.self-e80e8f2318043e8af94dddc2adad5a4f09739a8ebb323b3ab31cd71d45fd9113.css?body=1" for ::1 at 2015-05-11 01:56:26 -0600


Started GET "/assets/bootstrap_and_overrides.self-b657a6aac47b6fdd73dd7e48005fcbcb6c378195ac30aa42ee58d1eb27c75bd6.css?body=1" for ::1 at 2015-05-11 01:56:26 -0600


Started GET "/assets/jquery_ujs.self-8e98a7a072a6cee1372d19fff9ff3e6aa1e39a37d89d6f06861637d061113ee7.js?body=1" for ::1 at 2015-05-11 01:56:26 -0600


Started GET "/assets/twitter/bootstrap/alert.self-ebce91ec66c71bcee451ea7da9128fd1bf8faa02c6d22ea04c598423431e4c08.js?body=1" for ::1 at 2015-05-11 01:56:26 -0600


Started GET "/assets/twitter/bootstrap/modal.self-ab1767545e27c0dbd36971e656ae4927171f673e3d932cdec2cbef39e991952b.js?body=1" for ::1 at 2015-05-11 01:56:26 -0600


Started GET "/assets/jquery.self-d03a5518f45df77341bdbe6201ba3bfa547ebba8ed64f0ea56bfa5f96ea7c074.js?body=1" for ::1 at 2015-05-11 01:56:26 -0600


Started GET "/assets/twitter/bootstrap/transition.self-db278e3a8fa6249c16796b113ebd29e11ef4e2cd021618ed84895d524a4511e0.js?body=1" for ::1 at 2015-05-11 01:56:26 -0600


Started GET "/assets/twitter/bootstrap/dropdown.self-8bb9309b6c24a4ba6b94026a049d25b13bdc0553b6fe83255c14a715ba624cc4.js?body=1" for ::1 at 2015-05-11 01:56:26 -0600


Started GET "/assets/twitter/bootstrap/scrollspy.self-bd0c6724cdc75302fe98dfeff923112b76c1673cf4a0752a7050b7feea15594c.js?body=1" for ::1 at 2015-05-11 01:56:26 -0600


Started GET "/assets/twitter/bootstrap/tab.self-7e3ee4a243bb416b5f0111a0be08f8547c5d72ba71fe4afe4a4a007f5cb4e10e.js?body=1" for ::1 at 2015-05-11 01:56:26 -0600


Started GET "/assets/twitter/bootstrap/tooltip.self-d7f9330825307d053f68da11bb9ddc9b070df72deef3d115f2f3d55f66b17457.js?body=1" for ::1 at 2015-05-11 01:56:26 -0600


Started GET "/assets/twitter/bootstrap/popover.self-cd672ecad3b549e1dbd89bfd044e5812d6fdade56f42d48e3acee0c3f4614526.js?body=1" for ::1 at 2015-05-11 01:56:26 -0600


Started GET "/assets/twitter/bootstrap/button.self-ceb562de883e04359bb2c06f07bdf6ecf065cc8a5027e2e58857c5e91b0b68e3.js?body=1" for ::1 at 2015-05-11 01:56:26 -0600


Started GET "/assets/twitter/bootstrap/collapse.self-a87553101c955a01e2e8c81fad69a16582ddbf58fe95d5eb335dde5567af7647.js?body=1" for ::1 at 2015-05-11 01:56:26 -0600


Started GET "/assets/twitter/bootstrap/carousel.self-5d09995e01b647168888180d40e271f9a6759d68ae7ac029d7026af58813d376.js?body=1" for ::1 at 2015-05-11 01:56:26 -0600


Started GET "/assets/twitter/bootstrap/affix.self-14e04bbe71282aa039322ab93e3a3a886ddede5f59a2f365f7c861f697bbeb21.js?body=1" for ::1 at 2015-05-11 01:56:26 -0600


Started GET "/assets/twitter/bootstrap.self-fbfa5ad7d9aa0afe439ec4ff3883acc4cb92b62cb67c40d674320c9aa1d4642d.js?body=1" for ::1 at 2015-05-11 01:56:26 -0600


Started GET "/assets/turbolinks.self-c37727e9bd6b2735da5c311aa83fead54ed0be6cc8bd9a65309e9c5abe2cbfff.js?body=1" for ::1 at 2015-05-11 01:56:26 -0600


Started GET "/assets/bootstrap.self-5afe7e91ef3675e2be97b8d060a7f3755d6dbc615b76df476df55143da70679f.js?body=1" for ::1 at 2015-05-11 01:56:26 -0600


Started GET "/assets/application.self-f98a0dd27ad1c55b2b9cfe97296d4887e5d4a4535b3bbbf9130c1050771738b2.js?body=1" for ::1 at 2015-05-11 01:56:26 -0600


Started GET "/users/auth/facebook" for ::1 at 2015-05-11 01:56:36 -0600


Started GET "/users/auth/facebook" for ::1 at 2015-05-11 01:56:36 -0600


Started GET "/users/auth/facebook/callback?code=AQAmNi8QRWMZxVJaWgOgmEfCXpX9qxnmcKRaMSxt9yxa2nM_PicRDXFGS_PoKUGK4h9KzUoucFGBw3SX99q_KoG012T2ka1ZNBiqb3YHpxFyEBiKjqpqfuCYGg5HW9J7s7CulKgGTmN3vc7UnubkkQDBGrzcaeQf_AgkDYC6rqFEg8tVI6Imnk91vAP5eLpfV1YFEsnL28UPvhdT9SRpG9bdgQToZ65mrvMY66VO_xqbSwfzKv_E5q0Ck7VcrqCrxZExxWn3y3sr9TnH3um2rrvpzBaTaAgtASLLyrEkDrbME0hUHZBegK35nMaWxwWfAhg&state=25a4ede1b0aa79d91ba5c85e48e4b502cb5518e4a344133b" for ::1 at 2015-05-11 01:56:55 -0600

AbstractController::ActionNotFound (The action 'facebook' could not be found for Devise::OmniauthCallbacksController):
  actionpack (4.2.0) lib/abstract_controller/base.rb:132:in `process'
  actionview (4.2.0) lib/action_view/rendering.rb:30:in `process'
  actionpack (4.2.0) lib/action_controller/metal.rb:195:in `dispatch'
  actionpack (4.2.0) lib/action_controller/metal/rack_delegation.rb:13:in `dispatch'
  actionpack (4.2.0) lib/action_controller/metal.rb:236:in `block in action'
  actionpack (4.2.0) lib/action_dispatch/routing/route_set.rb:73:in `call'
  actionpack (4.2.0) lib/action_dispatch/routing/route_set.rb:73:in `dispatch'
  actionpack (4.2.0) lib/action_dispatch/routing/route_set.rb:42:in `serve'
  actionpack (4.2.0) lib/action_dispatch/routing/mapper.rb:49:in `serve'
  actionpack (4.2.0) lib/action_dispatch/journey/router.rb:43:in `block in serve'
  actionpack (4.2.0) lib/action_dispatch/journey/router.rb:30:in `each'
  actionpack (4.2.0) lib/action_dispatch/journey/router.rb:30:in `serve'
  actionpack (4.2.0) lib/action_dispatch/routing/route_set.rb:802:in `call'
  omniauth (1.2.2) lib/omniauth/strategy.rb:404:in `call_app!'
  omniauth (1.2.2) lib/omniauth/strategy.rb:362:in `callback_phase'
  omniauth-oauth2 (1.2.0) lib/omniauth/strategies/oauth2.rb:77:in `callback_phase'
  omniauth-facebook (2.0.1) lib/omniauth/strategies/facebook.rb:73:in `block in callback_phase'
  omniauth-facebook (2.0.1) lib/omniauth/strategies/facebook.rb:136:in `with_authorization_code!'
  omniauth-facebook (2.0.1) lib/omniauth/strategies/facebook.rb:72:in `callback_phase'
  omniauth (1.2.2) lib/omniauth/strategy.rb:227:in `callback_call'
  omniauth (1.2.2) lib/omniauth/strategy.rb:184:in `call!'
  omniauth (1.2.2) lib/omniauth/strategy.rb:164:in `call'
  warden (1.2.3) lib/warden/manager.rb:35:in `block in call'
  warden (1.2.3) lib/warden/manager.rb:34:in `catch'
  warden (1.2.3) lib/warden/manager.rb:34:in `call'
  rack (1.6.1) lib/rack/etag.rb:24:in `call'
  rack (1.6.1) lib/rack/conditionalget.rb:25:in `call'
  rack (1.6.1) lib/rack/head.rb:13:in `call'
  actionpack (4.2.0) lib/action_dispatch/middleware/params_parser.rb:27:in `call'
  actionpack (4.2.0) lib/action_dispatch/middleware/flash.rb:260:in `call'
  rack (1.6.1) lib/rack/session/abstract/id.rb:225:in `context'
  rack (1.6.1) lib/rack/session/abstract/id.rb:220:in `call'
  actionpack (4.2.0) lib/action_dispatch/middleware/cookies.rb:560:in `call'
  activerecord (4.2.0) lib/active_record/query_cache.rb:36:in `call'
  activerecord (4.2.0) lib/active_record/connection_adapters/abstract/connection_pool.rb:647:in `call'
  activerecord (4.2.0) lib/active_record/migration.rb:378:in `call'
  actionpack (4.2.0) lib/action_dispatch/middleware/callbacks.rb:29:in `block in call'
  activesupport (4.2.0) lib/active_support/callbacks.rb:88:in `call'
  activesupport (4.2.0) lib/active_support/callbacks.rb:88:in `_run_callbacks'
  activesupport (4.2.0) lib/active_support/callbacks.rb:734:in `_run_call_callbacks'
  activesupport (4.2.0) lib/active_support/callbacks.rb:81:in `run_callbacks'
  actionpack (4.2.0) lib/action_dispatch/middleware/callbacks.rb:27:in `call'
  actionpack (4.2.0) lib/action_dispatch/middleware/reloader.rb:73:in `call'
  actionpack (4.2.0) lib/action_dispatch/middleware/remote_ip.rb:78:in `call'
  actionpack (4.2.0) lib/action_dispatch/middleware/debug_exceptions.rb:17:in `call'
  web-console (2.1.2) lib/web_console/middleware.rb:37:in `call'
  actionpack (4.2.0) lib/action_dispatch/middleware/show_exceptions.rb:30:in `call'
  railties (4.2.0) lib/rails/rack/logger.rb:38:in `call_app'
  railties (4.2.0) lib/rails/rack/logger.rb:20:in `block in call'
  activesupport (4.2.0) lib/active_support/tagged_logging.rb:68:in `block in tagged'
  activesupport (4.2.0) lib/active_support/tagged_logging.rb:26:in `tagged'
  activesupport (4.2.0) lib/active_support/tagged_logging.rb:68:in `tagged'
  railties (4.2.0) lib/rails/rack/logger.rb:20:in `call'
  actionpack (4.2.0) lib/action_dispatch/middleware/request_id.rb:21:in `call'
  rack (1.6.1) lib/rack/methodoverride.rb:22:in `call'
  rack (1.6.1) lib/rack/runtime.rb:18:in `call'
  activesupport (4.2.0) lib/active_support/cache/strategy/local_cache_middleware.rb:28:in `call'
  rack (1.6.1) lib/rack/lock.rb:17:in `call'
  actionpack (4.2.0) lib/action_dispatch/middleware/static.rb:113:in `call'
  rack (1.6.1) lib/rack/sendfile.rb:113:in `call'
  railties (4.2.0) lib/rails/engine.rb:518:in `call'
  railties (4.2.0) lib/rails/application.rb:164:in `call'
  rack (1.6.1) lib/rack/lock.rb:17:in `call'
  rack (1.6.1) lib/rack/content_length.rb:15:in `call'
  rack (1.6.1) lib/rack/handler/webrick.rb:89:in `service'
  /home/diugalde/.rbenv/versions/2.2.1/lib/ruby/2.2.0/webrick/httpserver.rb:138:in `service'
  /home/diugalde/.rbenv/versions/2.2.1/lib/ruby/2.2.0/webrick/httpserver.rb:94:in `run'
  /home/diugalde/.rbenv/versions/2.2.1/lib/ruby/2.2.0/webrick/server.rb:294:in `block in start_thread'


  Rendered /home/diugalde/.rbenv/versions/2.2.1/lib/ruby/gems/2.2.0/gems/actionpack-4.2.0/lib/action_dispatch/middleware/templates/rescues/unknown_action.html.erb within rescues/layout (0.5ms)
  Rendered /home/diugalde/.rbenv/versions/2.2.1/lib/ruby/gems/2.2.0/gems/web-console-2.1.2/lib/web_console/templates/_markup.html.erb (0.2ms)
  Rendered /home/diugalde/.rbenv/versions/2.2.1/lib/ruby/gems/2.2.0/gems/web-console-2.1.2/lib/web_console/templates/style.css.erb within layouts/inlined_string (0.2ms)
  Rendered /home/diugalde/.rbenv/versions/2.2.1/lib/ruby/gems/2.2.0/gems/web-console-2.1.2/lib/web_console/templates/_inner_console_markup.html.erb within layouts/inlined_string (0.2ms)
  Rendered /home/diugalde/.rbenv/versions/2.2.1/lib/ruby/gems/2.2.0/gems/web-console-2.1.2/lib/web_console/templates/_prompt_box_markup.html.erb within layouts/inlined_string (0.2ms)
  Rendered /home/diugalde/.rbenv/versions/2.2.1/lib/ruby/gems/2.2.0/gems/web-console-2.1.2/lib/web_console/templates/console.js.erb within layouts/javascript (14.0ms)
  Rendered /home/diugalde/.rbenv/versions/2.2.1/lib/ruby/gems/2.2.0/gems/web-console-2.1.2/lib/web_console/templates/main.js.erb within layouts/javascript (0.2ms)
  Rendered /home/diugalde/.rbenv/versions/2.2.1/lib/ruby/gems/2.2.0/gems/web-console-2.1.2/lib/web_console/templates/error_page.js.erb within layouts/javascript (0.2ms)
  Rendered /home/diugalde/.rbenv/versions/2.2.1/lib/ruby/gems/2.2.0/gems/web-console-2.1.2/lib/web_console/templates/index.html.erb (28.4ms)


Started GET "/" for ::1 at 2015-05-11 02:05:09 -0600
  [1m[36mActiveRecord::SchemaMigration Load (0.4ms)[0m  [1mSELECT "schema_migrations".* FROM "schema_migrations"[0m
Processing by Rails::WelcomeController#index as HTML
  Rendered /home/diugalde/.rbenv/versions/2.2.1/lib/ruby/gems/2.2.0/gems/railties-4.2.0/lib/rails/templates/rails/welcome/index.html.erb (1.7ms)
Completed 200 OK in 18ms (Views: 9.7ms | ActiveRecord: 0.0ms)


Started GET "/sign_in" for ::1 at 2015-05-11 02:05:13 -0600

ActionController::RoutingError (No route matches [GET] "/sign_in"):
  actionpack (4.2.0) lib/action_dispatch/middleware/debug_exceptions.rb:21:in `call'
  web-console (2.1.2) lib/web_console/middleware.rb:37:in `call'
  actionpack (4.2.0) lib/action_dispatch/middleware/show_exceptions.rb:30:in `call'
  railties (4.2.0) lib/rails/rack/logger.rb:38:in `call_app'
  railties (4.2.0) lib/rails/rack/logger.rb:20:in `block in call'
  activesupport (4.2.0) lib/active_support/tagged_logging.rb:68:in `block in tagged'
  activesupport (4.2.0) lib/active_support/tagged_logging.rb:26:in `tagged'
  activesupport (4.2.0) lib/active_support/tagged_logging.rb:68:in `tagged'
  railties (4.2.0) lib/rails/rack/logger.rb:20:in `call'
  actionpack (4.2.0) lib/action_dispatch/middleware/request_id.rb:21:in `call'
  rack (1.6.1) lib/rack/methodoverride.rb:22:in `call'
  rack (1.6.1) lib/rack/runtime.rb:18:in `call'
  activesupport (4.2.0) lib/active_support/cache/strategy/local_cache_middleware.rb:28:in `call'
  rack (1.6.1) lib/rack/lock.rb:17:in `call'
  actionpack (4.2.0) lib/action_dispatch/middleware/static.rb:113:in `call'
  rack (1.6.1) lib/rack/sendfile.rb:113:in `call'
  railties (4.2.0) lib/rails/engine.rb:518:in `call'
  railties (4.2.0) lib/rails/application.rb:164:in `call'
  rack (1.6.1) lib/rack/lock.rb:17:in `call'
  rack (1.6.1) lib/rack/content_length.rb:15:in `call'
  rack (1.6.1) lib/rack/handler/webrick.rb:89:in `service'
  /home/diugalde/.rbenv/versions/2.2.1/lib/ruby/2.2.0/webrick/httpserver.rb:138:in `service'
  /home/diugalde/.rbenv/versions/2.2.1/lib/ruby/2.2.0/webrick/httpserver.rb:94:in `run'
  /home/diugalde/.rbenv/versions/2.2.1/lib/ruby/2.2.0/webrick/server.rb:294:in `block in start_thread'


  Rendered /home/diugalde/.rbenv/versions/2.2.1/lib/ruby/gems/2.2.0/gems/actionpack-4.2.0/lib/action_dispatch/middleware/templates/rescues/_trace.html.erb (2.0ms)
  Rendered /home/diugalde/.rbenv/versions/2.2.1/lib/ruby/gems/2.2.0/gems/actionpack-4.2.0/lib/action_dispatch/middleware/templates/routes/_route.html.erb (1.6ms)
  Rendered /home/diugalde/.rbenv/versions/2.2.1/lib/ruby/gems/2.2.0/gems/actionpack-4.2.0/lib/action_dispatch/middleware/templates/routes/_table.html.erb (3.3ms)
  Rendered /home/diugalde/.rbenv/versions/2.2.1/lib/ruby/gems/2.2.0/gems/actionpack-4.2.0/lib/action_dispatch/middleware/templates/rescues/_request_and_response.html.erb (1.3ms)
  Rendered /home/diugalde/.rbenv/versions/2.2.1/lib/ruby/gems/2.2.0/gems/actionpack-4.2.0/lib/action_dispatch/middleware/templates/rescues/routing_error.html.erb within rescues/layout (31.7ms)
  Rendered /home/diugalde/.rbenv/versions/2.2.1/lib/ruby/gems/2.2.0/gems/web-console-2.1.2/lib/web_console/templates/_markup.html.erb (0.2ms)
  Rendered /home/diugalde/.rbenv/versions/2.2.1/lib/ruby/gems/2.2.0/gems/web-console-2.1.2/lib/web_console/templates/style.css.erb within layouts/inlined_string (0.4ms)
  Rendered /home/diugalde/.rbenv/versions/2.2.1/lib/ruby/gems/2.2.0/gems/web-console-2.1.2/lib/web_console/templates/_inner_console_markup.html.erb within layouts/inlined_string (0.2ms)
  Rendered /home/diugalde/.rbenv/versions/2.2.1/lib/ruby/gems/2.2.0/gems/web-console-2.1.2/lib/web_console/templates/_prompt_box_markup.html.erb within layouts/inlined_string (0.2ms)
  Rendered /home/diugalde/.rbenv/versions/2.2.1/lib/ruby/gems/2.2.0/gems/web-console-2.1.2/lib/web_console/templates/console.js.erb within layouts/javascript (14.6ms)
  Rendered /home/diugalde/.rbenv/versions/2.2.1/lib/ruby/gems/2.2.0/gems/web-console-2.1.2/lib/web_console/templates/main.js.erb within layouts/javascript (0.2ms)
  Rendered /home/diugalde/.rbenv/versions/2.2.1/lib/ruby/gems/2.2.0/gems/web-console-2.1.2/lib/web_console/templates/error_page.js.erb within layouts/javascript (0.7ms)
  Rendered /home/diugalde/.rbenv/versions/2.2.1/lib/ruby/gems/2.2.0/gems/web-console-2.1.2/lib/web_console/templates/index.html.erb (30.6ms)


Started GET "/users/sign_in" for ::1 at 2015-05-11 02:05:20 -0600
Processing by Devise::SessionsController#new as HTML
  Rendered devise/shared/_links.html.haml (10.5ms)
  Rendered devise/sessions/new.html.haml within layouts/application (34.6ms)
Completed 200 OK in 290ms (Views: 266.8ms | ActiveRecord: 5.4ms)


Started GET "/users/auth/facebook" for ::1 at 2015-05-11 02:05:23 -0600


Started GET "/users/auth/facebook" for ::1 at 2015-05-11 02:05:24 -0600


Started GET "/users/auth/facebook/callback?code=AQA4K-xA3ocYqcnJOKIVM39moStqvrsdyuQCvke4oHyHvGOXcgW6KsQvrdYPWN4sE7nl93DnWPoBEpAC1Su_frMOGwAf2bKqxXAVui5TW0rsTUFwM7QoSZel9cWQg3854O-VtXt9hOHpbG1h9bs06B5D3Y0b2-byEzEKpglEQAz8Y_RqqWtehCA0orTik3-XdnuMPLtguD3oLNtnpURuSIT9LHMgeSPlI_aPKyjt0BGEYBdgRGesqQCrNcOq5e8f5HkQntrzQIOBSYerruasJuD74kqGi16cJgjEHpYhwaKyCUWkCEcmiFqmircp9F3VvQQ&state=83c70bfce5e543826059c96949aa2eb23a41f73a43dc0f87" for ::1 at 2015-05-11 02:05:24 -0600

LoadError (Unable to autoload constant Users::OmniauthCallbacksController, expected /home/diugalde/git/UEval/app/controllers/users/omniauth_callbacks_controller.rb to define it):
  activesupport (4.2.0) lib/active_support/dependencies.rb:495:in `load_missing_constant'
  activesupport (4.2.0) lib/active_support/dependencies.rb:184:in `const_missing'
  activesupport (4.2.0) lib/active_support/inflector/methods.rb:263:in `const_get'
  activesupport (4.2.0) lib/active_support/inflector/methods.rb:263:in `block in constantize'
  activesupport (4.2.0) lib/active_support/inflector/methods.rb:259:in `each'
  activesupport (4.2.0) lib/active_support/inflector/methods.rb:259:in `inject'
  activesupport (4.2.0) lib/active_support/inflector/methods.rb:259:in `constantize'
  activesupport (4.2.0) lib/active_support/dependencies.rb:566:in `get'
  activesupport (4.2.0) lib/active_support/dependencies.rb:597:in `constantize'
  actionpack (4.2.0) lib/action_dispatch/routing/route_set.rb:69:in `controller_reference'
  actionpack (4.2.0) lib/action_dispatch/routing/route_set.rb:59:in `controller'
  actionpack (4.2.0) lib/action_dispatch/routing/route_set.rb:38:in `serve'
  actionpack (4.2.0) lib/action_dispatch/routing/mapper.rb:49:in `serve'
  actionpack (4.2.0) lib/action_dispatch/journey/router.rb:43:in `block in serve'
  actionpack (4.2.0) lib/action_dispatch/journey/router.rb:30:in `each'
  actionpack (4.2.0) lib/action_dispatch/journey/router.rb:30:in `serve'
  actionpack (4.2.0) lib/action_dispatch/routing/route_set.rb:802:in `call'
  omniauth (1.2.2) lib/omniauth/strategy.rb:404:in `call_app!'
  omniauth (1.2.2) lib/omniauth/strategy.rb:362:in `callback_phase'
  omniauth-oauth2 (1.2.0) lib/omniauth/strategies/oauth2.rb:77:in `callback_phase'
  omniauth-facebook (2.0.1) lib/omniauth/strategies/facebook.rb:73:in `block in callback_phase'
  omniauth-facebook (2.0.1) lib/omniauth/strategies/facebook.rb:136:in `with_authorization_code!'
  omniauth-facebook (2.0.1) lib/omniauth/strategies/facebook.rb:72:in `callback_phase'
  omniauth (1.2.2) lib/omniauth/strategy.rb:227:in `callback_call'
  omniauth (1.2.2) lib/omniauth/strategy.rb:184:in `call!'
  omniauth (1.2.2) lib/omniauth/strategy.rb:164:in `call'
  warden (1.2.3) lib/warden/manager.rb:35:in `block in call'
  warden (1.2.3) lib/warden/manager.rb:34:in `catch'
  warden (1.2.3) lib/warden/manager.rb:34:in `call'
  rack (1.6.1) lib/rack/etag.rb:24:in `call'
  rack (1.6.1) lib/rack/conditionalget.rb:25:in `call'
  rack (1.6.1) lib/rack/head.rb:13:in `call'
  actionpack (4.2.0) lib/action_dispatch/middleware/params_parser.rb:27:in `call'
  actionpack (4.2.0) lib/action_dispatch/middleware/flash.rb:260:in `call'
  rack (1.6.1) lib/rack/session/abstract/id.rb:225:in `context'
  rack (1.6.1) lib/rack/session/abstract/id.rb:220:in `call'
  actionpack (4.2.0) lib/action_dispatch/middleware/cookies.rb:560:in `call'
  activerecord (4.2.0) lib/active_record/query_cache.rb:36:in `call'
  activerecord (4.2.0) lib/active_record/connection_adapters/abstract/connection_pool.rb:647:in `call'
  activerecord (4.2.0) lib/active_record/migration.rb:378:in `call'
  actionpack (4.2.0) lib/action_dispatch/middleware/callbacks.rb:29:in `block in call'
  activesupport (4.2.0) lib/active_support/callbacks.rb:88:in `call'
  activesupport (4.2.0) lib/active_support/callbacks.rb:88:in `_run_callbacks'
  activesupport (4.2.0) lib/active_support/callbacks.rb:734:in `_run_call_callbacks'
  activesupport (4.2.0) lib/active_support/callbacks.rb:81:in `run_callbacks'
  actionpack (4.2.0) lib/action_dispatch/middleware/callbacks.rb:27:in `call'
  actionpack (4.2.0) lib/action_dispatch/middleware/reloader.rb:73:in `call'
  actionpack (4.2.0) lib/action_dispatch/middleware/remote_ip.rb:78:in `call'
  actionpack (4.2.0) lib/action_dispatch/middleware/debug_exceptions.rb:17:in `call'
  web-console (2.1.2) lib/web_console/middleware.rb:37:in `call'
  actionpack (4.2.0) lib/action_dispatch/middleware/show_exceptions.rb:30:in `call'
  railties (4.2.0) lib/rails/rack/logger.rb:38:in `call_app'
  railties (4.2.0) lib/rails/rack/logger.rb:20:in `block in call'
  activesupport (4.2.0) lib/active_support/tagged_logging.rb:68:in `block in tagged'
  activesupport (4.2.0) lib/active_support/tagged_logging.rb:26:in `tagged'
  activesupport (4.2.0) lib/active_support/tagged_logging.rb:68:in `tagged'
  railties (4.2.0) lib/rails/rack/logger.rb:20:in `call'
  actionpack (4.2.0) lib/action_dispatch/middleware/request_id.rb:21:in `call'
  rack (1.6.1) lib/rack/methodoverride.rb:22:in `call'
  rack (1.6.1) lib/rack/runtime.rb:18:in `call'
  activesupport (4.2.0) lib/active_support/cache/strategy/local_cache_middleware.rb:28:in `call'
  rack (1.6.1) lib/rack/lock.rb:17:in `call'
  actionpack (4.2.0) lib/action_dispatch/middleware/static.rb:113:in `call'
  rack (1.6.1) lib/rack/sendfile.rb:113:in `call'
  railties (4.2.0) lib/rails/engine.rb:518:in `call'
  railties (4.2.0) lib/rails/application.rb:164:in `call'
  rack (1.6.1) lib/rack/lock.rb:17:in `call'
  rack (1.6.1) lib/rack/content_length.rb:15:in `call'
  rack (1.6.1) lib/rack/handler/webrick.rb:89:in `service'
  /home/diugalde/.rbenv/versions/2.2.1/lib/ruby/2.2.0/webrick/httpserver.rb:138:in `service'
  /home/diugalde/.rbenv/versions/2.2.1/lib/ruby/2.2.0/webrick/httpserver.rb:94:in `run'
  /home/diugalde/.rbenv/versions/2.2.1/lib/ruby/2.2.0/webrick/server.rb:294:in `block in start_thread'


  Rendered /home/diugalde/.rbenv/versions/2.2.1/lib/ruby/gems/2.2.0/gems/actionpack-4.2.0/lib/action_dispatch/middleware/templates/rescues/_source.erb (15.6ms)
  Rendered /home/diugalde/.rbenv/versions/2.2.1/lib/ruby/gems/2.2.0/gems/actionpack-4.2.0/lib/action_dispatch/middleware/templates/rescues/_trace.html.erb (3.7ms)
  Rendered /home/diugalde/.rbenv/versions/2.2.1/lib/ruby/gems/2.2.0/gems/actionpack-4.2.0/lib/action_dispatch/middleware/templates/rescues/_request_and_response.html.erb (1.4ms)
  Rendered /home/diugalde/.rbenv/versions/2.2.1/lib/ruby/gems/2.2.0/gems/actionpack-4.2.0/lib/action_dispatch/middleware/templates/rescues/diagnostics.html.erb within rescues/layout (34.1ms)
  Rendered /home/diugalde/.rbenv/versions/2.2.1/lib/ruby/gems/2.2.0/gems/web-console-2.1.2/lib/web_console/templates/_markup.html.erb (0.2ms)
  Rendered /home/diugalde/.rbenv/versions/2.2.1/lib/ruby/gems/2.2.0/gems/web-console-2.1.2/lib/web_console/templates/style.css.erb within layouts/inlined_string (0.2ms)
  Rendered /home/diugalde/.rbenv/versions/2.2.1/lib/ruby/gems/2.2.0/gems/web-console-2.1.2/lib/web_console/templates/_inner_console_markup.html.erb within layouts/inlined_string (0.2ms)
  Rendered /home/diugalde/.rbenv/versions/2.2.1/lib/ruby/gems/2.2.0/gems/web-console-2.1.2/lib/web_console/templates/_prompt_box_markup.html.erb within layouts/inlined_string (0.5ms)
  Rendered /home/diugalde/.rbenv/versions/2.2.1/lib/ruby/gems/2.2.0/gems/web-console-2.1.2/lib/web_console/templates/console.js.erb within layouts/javascript (16.5ms)
  Rendered /home/diugalde/.rbenv/versions/2.2.1/lib/ruby/gems/2.2.0/gems/web-console-2.1.2/lib/web_console/templates/main.js.erb within layouts/javascript (0.6ms)
  Rendered /home/diugalde/.rbenv/versions/2.2.1/lib/ruby/gems/2.2.0/gems/web-console-2.1.2/lib/web_console/templates/error_page.js.erb within layouts/javascript (0.3ms)
  Rendered /home/diugalde/.rbenv/versions/2.2.1/lib/ruby/gems/2.2.0/gems/web-console-2.1.2/lib/web_console/templates/index.html.erb (33.1ms)


Started GET "/users/auth/facebook/callback?code=AQA4K-xA3ocYqcnJOKIVM39moStqvrsdyuQCvke4oHyHvGOXcgW6KsQvrdYPWN4sE7nl93DnWPoBEpAC1Su_frMOGwAf2bKqxXAVui5TW0rsTUFwM7QoSZel9cWQg3854O-VtXt9hOHpbG1h9bs06B5D3Y0b2-byEzEKpglEQAz8Y_RqqWtehCA0orTik3-XdnuMPLtguD3oLNtnpURuSIT9LHMgeSPlI_aPKyjt0BGEYBdgRGesqQCrNcOq5e8f5HkQntrzQIOBSYerruasJuD74kqGi16cJgjEHpYhwaKyCUWkCEcmiFqmircp9F3VvQQ&state=83c70bfce5e543826059c96949aa2eb23a41f73a43dc0f87" for ::1 at 2015-05-11 02:07:57 -0600

TypeError (superclass mismatch for class OmniauthCallbacksController):
  app/controllers/users/omniauth_callbacks_controller.rb:4:in `<top (required)>'


  Rendered /home/diugalde/.rbenv/versions/2.2.1/lib/ruby/gems/2.2.0/gems/actionpack-4.2.0/lib/action_dispatch/middleware/templates/rescues/_source.erb (6.3ms)
  Rendered /home/diugalde/.rbenv/versions/2.2.1/lib/ruby/gems/2.2.0/gems/actionpack-4.2.0/lib/action_dispatch/middleware/templates/rescues/_trace.html.erb (2.7ms)
  Rendered /home/diugalde/.rbenv/versions/2.2.1/lib/ruby/gems/2.2.0/gems/actionpack-4.2.0/lib/action_dispatch/middleware/templates/rescues/_request_and_response.html.erb (0.9ms)
  Rendered /home/diugalde/.rbenv/versions/2.2.1/lib/ruby/gems/2.2.0/gems/actionpack-4.2.0/lib/action_dispatch/middleware/templates/rescues/diagnostics.html.erb within rescues/layout (26.1ms)
  Rendered /home/diugalde/.rbenv/versions/2.2.1/lib/ruby/gems/2.2.0/gems/web-console-2.1.2/lib/web_console/templates/_markup.html.erb (0.2ms)
  Rendered /home/diugalde/.rbenv/versions/2.2.1/lib/ruby/gems/2.2.0/gems/web-console-2.1.2/lib/web_console/templates/style.css.erb within layouts/inlined_string (0.3ms)
  Rendered /home/diugalde/.rbenv/versions/2.2.1/lib/ruby/gems/2.2.0/gems/web-console-2.1.2/lib/web_console/templates/_inner_console_markup.html.erb within layouts/inlined_string (0.2ms)
  Rendered /home/diugalde/.rbenv/versions/2.2.1/lib/ruby/gems/2.2.0/gems/web-console-2.1.2/lib/web_console/templates/_prompt_box_markup.html.erb within layouts/inlined_string (0.2ms)
  Rendered /home/diugalde/.rbenv/versions/2.2.1/lib/ruby/gems/2.2.0/gems/web-console-2.1.2/lib/web_console/templates/console.js.erb within layouts/javascript (13.8ms)
  Rendered /home/diugalde/.rbenv/versions/2.2.1/lib/ruby/gems/2.2.0/gems/web-console-2.1.2/lib/web_console/templates/main.js.erb within layouts/javascript (0.2ms)
  Rendered /home/diugalde/.rbenv/versions/2.2.1/lib/ruby/gems/2.2.0/gems/web-console-2.1.2/lib/web_console/templates/error_page.js.erb within layouts/javascript (0.2ms)
  Rendered /home/diugalde/.rbenv/versions/2.2.1/lib/ruby/gems/2.2.0/gems/web-console-2.1.2/lib/web_console/templates/index.html.erb (28.1ms)


Started GET "/users/sign_in" for ::1 at 2015-05-11 02:08:09 -0600
Processing by Devise::SessionsController#new as HTML
  Rendered devise/shared/_links.html.haml (4.5ms)
  Rendered devise/sessions/new.html.haml within layouts/application (8.5ms)
Completed 200 OK in 91ms (Views: 77.3ms | ActiveRecord: 3.7ms)


Started GET "/users/auth/facebook" for ::1 at 2015-05-11 02:08:13 -0600


Started GET "/users/auth/facebook" for ::1 at 2015-05-11 02:08:14 -0600


Started GET "/users/auth/facebook/callback?code=AQCZRYnNd6FCu9aeUXb6InrM23az7T5Z3maRUzCydbSB4O7uM67-VZwaWlNuPAridCu_omfBcFz1cx5P6PlgnCsztVBMRIHzZLx7HUU8ePaC9k7TEhiH6NPPf7wjOk1l5Uoxgk6nYs-OUu8-Z7Pkr1L-lF_IEt2CZD_mIu30bQRftWTx5_7Pv2BhOQq-OJGtyQqzC8PmzOjY_SdVYYL5tKvZ3fU6w8mqZwGJhSPUMIbDFsvrMeHzM4z59wpzCpVoTMgXhFoqviqWe3ExVZaMECm0wE_Qkg9EXTjTCbgOjXrLROlBOCihxO1HKf-JeTniUdM&state=3c8c456679647fe20d688d51a95ccba72d8114623185d1cd" for ::1 at 2015-05-11 02:08:14 -0600

TypeError (superclass mismatch for class OmniauthCallbacksController):
  app/controllers/users/omniauth_callbacks_controller.rb:4:in `<top (required)>'


  Rendered /home/diugalde/.rbenv/versions/2.2.1/lib/ruby/gems/2.2.0/gems/actionpack-4.2.0/lib/action_dispatch/middleware/templates/rescues/_source.erb (4.8ms)
  Rendered /home/diugalde/.rbenv/versions/2.2.1/lib/ruby/gems/2.2.0/gems/actionpack-4.2.0/lib/action_dispatch/middleware/templates/rescues/_trace.html.erb (2.0ms)
  Rendered /home/diugalde/.rbenv/versions/2.2.1/lib/ruby/gems/2.2.0/gems/actionpack-4.2.0/lib/action_dispatch/middleware/templates/rescues/_request_and_response.html.erb (0.8ms)
  Rendered /home/diugalde/.rbenv/versions/2.2.1/lib/ruby/gems/2.2.0/gems/actionpack-4.2.0/lib/action_dispatch/middleware/templates/rescues/diagnostics.html.erb within rescues/layout (19.7ms)
  Rendered /home/diugalde/.rbenv/versions/2.2.1/lib/ruby/gems/2.2.0/gems/web-console-2.1.2/lib/web_console/templates/_markup.html.erb (0.2ms)
  Rendered /home/diugalde/.rbenv/versions/2.2.1/lib/ruby/gems/2.2.0/gems/web-console-2.1.2/lib/web_console/templates/style.css.erb within layouts/inlined_string (0.2ms)
  Rendered /home/diugalde/.rbenv/versions/2.2.1/lib/ruby/gems/2.2.0/gems/web-console-2.1.2/lib/web_console/templates/_inner_console_markup.html.erb within layouts/inlined_string (0.2ms)
  Rendered /home/diugalde/.rbenv/versions/2.2.1/lib/ruby/gems/2.2.0/gems/web-console-2.1.2/lib/web_console/templates/_prompt_box_markup.html.erb within layouts/inlined_string (0.2ms)
  Rendered /home/diugalde/.rbenv/versions/2.2.1/lib/ruby/gems/2.2.0/gems/web-console-2.1.2/lib/web_console/templates/console.js.erb within layouts/javascript (13.5ms)
  Rendered /home/diugalde/.rbenv/versions/2.2.1/lib/ruby/gems/2.2.0/gems/web-console-2.1.2/lib/web_console/templates/main.js.erb within layouts/javascript (0.2ms)
  Rendered /home/diugalde/.rbenv/versions/2.2.1/lib/ruby/gems/2.2.0/gems/web-console-2.1.2/lib/web_console/templates/error_page.js.erb within layouts/javascript (0.3ms)
  Rendered /home/diugalde/.rbenv/versions/2.2.1/lib/ruby/gems/2.2.0/gems/web-console-2.1.2/lib/web_console/templates/index.html.erb (27.6ms)


Started GET "/users/auth/facebook/callback?code=AQCZRYnNd6FCu9aeUXb6InrM23az7T5Z3maRUzCydbSB4O7uM67-VZwaWlNuPAridCu_omfBcFz1cx5P6PlgnCsztVBMRIHzZLx7HUU8ePaC9k7TEhiH6NPPf7wjOk1l5Uoxgk6nYs-OUu8-Z7Pkr1L-lF_IEt2CZD_mIu30bQRftWTx5_7Pv2BhOQq-OJGtyQqzC8PmzOjY_SdVYYL5tKvZ3fU6w8mqZwGJhSPUMIbDFsvrMeHzM4z59wpzCpVoTMgXhFoqviqWe3ExVZaMECm0wE_Qkg9EXTjTCbgOjXrLROlBOCihxO1HKf-JeTniUdM&state=3c8c456679647fe20d688d51a95ccba72d8114623185d1cd" for ::1 at 2015-05-11 02:09:51 -0600

NameError (uninitialized constant Users::OmniauthCallbacksController):
  activesupport (4.2.0) lib/active_support/inflector/methods.rb:276:in `const_get'
  activesupport (4.2.0) lib/active_support/inflector/methods.rb:276:in `block in constantize'
  activesupport (4.2.0) lib/active_support/inflector/methods.rb:259:in `each'
  activesupport (4.2.0) lib/active_support/inflector/methods.rb:259:in `inject'
  activesupport (4.2.0) lib/active_support/inflector/methods.rb:259:in `constantize'
  devise (3.4.1) lib/devise/omniauth.rb:19:in `block in <top (required)>'
  omniauth (1.2.2) lib/omniauth/strategy.rb:475:in `call'
  omniauth (1.2.2) lib/omniauth/strategy.rb:475:in `fail!'
  omniauth-oauth2 (1.2.0) lib/omniauth/strategies/oauth2.rb:80:in `rescue in callback_phase'
  omniauth-oauth2 (1.2.0) lib/omniauth/strategies/oauth2.rb:69:in `callback_phase'
  omniauth-facebook (2.0.1) lib/omniauth/strategies/facebook.rb:73:in `block in callback_phase'
  omniauth-facebook (2.0.1) lib/omniauth/strategies/facebook.rb:136:in `with_authorization_code!'
  omniauth-facebook (2.0.1) lib/omniauth/strategies/facebook.rb:72:in `callback_phase'
  omniauth (1.2.2) lib/omniauth/strategy.rb:227:in `callback_call'
  omniauth (1.2.2) lib/omniauth/strategy.rb:184:in `call!'
  omniauth (1.2.2) lib/omniauth/strategy.rb:164:in `call'
  warden (1.2.3) lib/warden/manager.rb:35:in `block in call'
  warden (1.2.3) lib/warden/manager.rb:34:in `catch'
  warden (1.2.3) lib/warden/manager.rb:34:in `call'
  rack (1.6.1) lib/rack/etag.rb:24:in `call'
  rack (1.6.1) lib/rack/conditionalget.rb:25:in `call'
  rack (1.6.1) lib/rack/head.rb:13:in `call'
  actionpack (4.2.0) lib/action_dispatch/middleware/params_parser.rb:27:in `call'
  actionpack (4.2.0) lib/action_dispatch/middleware/flash.rb:260:in `call'
  rack (1.6.1) lib/rack/session/abstract/id.rb:225:in `context'
  rack (1.6.1) lib/rack/session/abstract/id.rb:220:in `call'
  actionpack (4.2.0) lib/action_dispatch/middleware/cookies.rb:560:in `call'
  activerecord (4.2.0) lib/active_record/query_cache.rb:36:in `call'
  activerecord (4.2.0) lib/active_record/connection_adapters/abstract/connection_pool.rb:647:in `call'
  activerecord (4.2.0) lib/active_record/migration.rb:378:in `call'
  actionpack (4.2.0) lib/action_dispatch/middleware/callbacks.rb:29:in `block in call'
  activesupport (4.2.0) lib/active_support/callbacks.rb:88:in `call'
  activesupport (4.2.0) lib/active_support/callbacks.rb:88:in `_run_callbacks'
  activesupport (4.2.0) lib/active_support/callbacks.rb:734:in `_run_call_callbacks'
  activesupport (4.2.0) lib/active_support/callbacks.rb:81:in `run_callbacks'
  actionpack (4.2.0) lib/action_dispatch/middleware/callbacks.rb:27:in `call'
  actionpack (4.2.0) lib/action_dispatch/middleware/reloader.rb:73:in `call'
  actionpack (4.2.0) lib/action_dispatch/middleware/remote_ip.rb:78:in `call'
  actionpack (4.2.0) lib/action_dispatch/middleware/debug_exceptions.rb:17:in `call'
  web-console (2.1.2) lib/web_console/middleware.rb:37:in `call'
  actionpack (4.2.0) lib/action_dispatch/middleware/show_exceptions.rb:30:in `call'
  railties (4.2.0) lib/rails/rack/logger.rb:38:in `call_app'
  railties (4.2.0) lib/rails/rack/logger.rb:20:in `block in call'
  activesupport (4.2.0) lib/active_support/tagged_logging.rb:68:in `block in tagged'
  activesupport (4.2.0) lib/active_support/tagged_logging.rb:26:in `tagged'
  activesupport (4.2.0) lib/active_support/tagged_logging.rb:68:in `tagged'
  railties (4.2.0) lib/rails/rack/logger.rb:20:in `call'
  actionpack (4.2.0) lib/action_dispatch/middleware/request_id.rb:21:in `call'
  rack (1.6.1) lib/rack/methodoverride.rb:22:in `call'
  rack (1.6.1) lib/rack/runtime.rb:18:in `call'
  activesupport (4.2.0) lib/active_support/cache/strategy/local_cache_middleware.rb:28:in `call'
  rack (1.6.1) lib/rack/lock.rb:17:in `call'
  actionpack (4.2.0) lib/action_dispatch/middleware/static.rb:113:in `call'
  rack (1.6.1) lib/rack/sendfile.rb:113:in `call'
  railties (4.2.0) lib/rails/engine.rb:518:in `call'
  railties (4.2.0) lib/rails/application.rb:164:in `call'
  rack (1.6.1) lib/rack/lock.rb:17:in `call'
  rack (1.6.1) lib/rack/content_length.rb:15:in `call'
  rack (1.6.1) lib/rack/handler/webrick.rb:89:in `service'
  /home/diugalde/.rbenv/versions/2.2.1/lib/ruby/2.2.0/webrick/httpserver.rb:138:in `service'
  /home/diugalde/.rbenv/versions/2.2.1/lib/ruby/2.2.0/webrick/httpserver.rb:94:in `run'
  /home/diugalde/.rbenv/versions/2.2.1/lib/ruby/2.2.0/webrick/server.rb:294:in `block in start_thread'


  Rendered /home/diugalde/.rbenv/versions/2.2.1/lib/ruby/gems/2.2.0/gems/actionpack-4.2.0/lib/action_dispatch/middleware/templates/rescues/_source.erb (3.9ms)
  Rendered /home/diugalde/.rbenv/versions/2.2.1/lib/ruby/gems/2.2.0/gems/actionpack-4.2.0/lib/action_dispatch/middleware/templates/rescues/_trace.html.erb (1.8ms)
  Rendered /home/diugalde/.rbenv/versions/2.2.1/lib/ruby/gems/2.2.0/gems/actionpack-4.2.0/lib/action_dispatch/middleware/templates/rescues/_request_and_response.html.erb (0.7ms)
  Rendered /home/diugalde/.rbenv/versions/2.2.1/lib/ruby/gems/2.2.0/gems/actionpack-4.2.0/lib/action_dispatch/middleware/templates/rescues/diagnostics.html.erb within rescues/layout (18.9ms)
  Rendered /home/diugalde/.rbenv/versions/2.2.1/lib/ruby/gems/2.2.0/gems/web-console-2.1.2/lib/web_console/templates/_markup.html.erb (0.2ms)
  Rendered /home/diugalde/.rbenv/versions/2.2.1/lib/ruby/gems/2.2.0/gems/web-console-2.1.2/lib/web_console/templates/style.css.erb within layouts/inlined_string (0.2ms)
  Rendered /home/diugalde/.rbenv/versions/2.2.1/lib/ruby/gems/2.2.0/gems/web-console-2.1.2/lib/web_console/templates/_inner_console_markup.html.erb within layouts/inlined_string (0.2ms)
  Rendered /home/diugalde/.rbenv/versions/2.2.1/lib/ruby/gems/2.2.0/gems/web-console-2.1.2/lib/web_console/templates/_prompt_box_markup.html.erb within layouts/inlined_string (0.2ms)
  Rendered /home/diugalde/.rbenv/versions/2.2.1/lib/ruby/gems/2.2.0/gems/web-console-2.1.2/lib/web_console/templates/console.js.erb within layouts/javascript (13.8ms)
  Rendered /home/diugalde/.rbenv/versions/2.2.1/lib/ruby/gems/2.2.0/gems/web-console-2.1.2/lib/web_console/templates/main.js.erb within layouts/javascript (0.2ms)
  Rendered /home/diugalde/.rbenv/versions/2.2.1/lib/ruby/gems/2.2.0/gems/web-console-2.1.2/lib/web_console/templates/error_page.js.erb within layouts/javascript (0.3ms)
  Rendered /home/diugalde/.rbenv/versions/2.2.1/lib/ruby/gems/2.2.0/gems/web-console-2.1.2/lib/web_console/templates/index.html.erb (28.1ms)


Started GET "/users/sign_in" for ::1 at 2015-05-11 02:11:55 -0600
Processing by Devise::SessionsController#new as HTML
  Rendered devise/shared/_links.html.haml (4.9ms)
  Rendered devise/sessions/new.html.haml within layouts/application (9.5ms)
Completed 200 OK in 94ms (Views: 82.4ms | ActiveRecord: 2.8ms)


Started GET "/users/auth/facebook" for ::1 at 2015-05-11 02:11:57 -0600


Started GET "/users/auth/facebook" for ::1 at 2015-05-11 02:11:58 -0600


Started GET "/users/auth/facebook/callback?code=AQA1RlxexDd_aaT5jr0LifsMooXzi1tx9Jof7jr1SsCJdiCSKCXKMnfD7qMFd1oWbzRGWvEt07_Dp24UUlnignp3fJdTXl8T2BoKkWLZ9IO1ThJAB0cfIpIkEJZpthKlZAe6kL12jIvW62Zq5mHpfsc__821OapifZF4rTkbsAuUV__VOtGxiAMq1H8ILXNG0btGRwFjVMUt10T_CYZEXTaG96dH38VrhS703ygNzLdEEYmBMpnPyC1Bn0QEX3l0rD_7EQ8MzAj1xJW4YH0cDSjNuWqEq-rQwYgbf8rTNsosPIy0IKvuej4XIq7m9RktIPM&state=99fb2802d1d0f595dbea172e28f85b4cf913a0d318254666" for ::1 at 2015-05-11 02:11:58 -0600
Processing by OmniauthCallbacksController#facebook as HTML
  Parameters: {"code"=>"AQA1RlxexDd_aaT5jr0LifsMooXzi1tx9Jof7jr1SsCJdiCSKCXKMnfD7qMFd1oWbzRGWvEt07_Dp24UUlnignp3fJdTXl8T2BoKkWLZ9IO1ThJAB0cfIpIkEJZpthKlZAe6kL12jIvW62Zq5mHpfsc__821OapifZF4rTkbsAuUV__VOtGxiAMq1H8ILXNG0btGRwFjVMUt10T_CYZEXTaG96dH38VrhS703ygNzLdEEYmBMpnPyC1Bn0QEX3l0rD_7EQ8MzAj1xJW4YH0cDSjNuWqEq-rQwYgbf8rTNsosPIy0IKvuej4XIq7m9RktIPM", "state"=>"99fb2802d1d0f595dbea172e28f85b4cf913a0d318254666"}
  [1m[35mUser Load (0.4ms)[0m  SELECT  "users".* FROM "users" WHERE "users"."provider" = $1 AND "users"."uid" = $2  ORDER BY "users"."id" ASC LIMIT 1  [["provider", "facebook"], ["uid", "10205621378511210"]]
  [1m[36m (0.1ms)[0m  [1mBEGIN[0m
  [1m[35mUser Exists (0.3ms)[0m  SELECT  1 AS one FROM "users" WHERE "users"."email" = 'dieguillo.06@hotmail.com' LIMIT 1
  [1m[36mSQL (0.2ms)[0m  [1mINSERT INTO "users" ("provider", "uid", "email", "encrypted_password", "fullname", "created_at", "updated_at") VALUES ($1, $2, $3, $4, $5, $6, $7) RETURNING "id"[0m  [["provider", "facebook"], ["uid", "10205621378511210"], ["email", "dieguillo.06@hotmail.com"], ["encrypted_password", "$2a$10$HHtCXvdYPaHaKJHv9kOMiO215VbWe23AExFvd0s/e98h.rkYoV1Ay"], ["fullname", "Diego Ugalde"], ["created_at", "2015-05-11 08:12:09.409233"], ["updated_at", "2015-05-11 08:12:09.409233"]]
  [1m[35m (14.3ms)[0m  COMMIT
  [1m[36m (0.3ms)[0m  [1mBEGIN[0m
  [1m[35mSQL (0.6ms)[0m  UPDATE "users" SET "last_sign_in_at" = $1, "current_sign_in_at" = $2, "last_sign_in_ip" = $3, "current_sign_in_ip" = $4, "sign_in_count" = $5, "updated_at" = $6 WHERE "users"."id" = $7  [["last_sign_in_at", "2015-05-11 08:12:09.426159"], ["current_sign_in_at", "2015-05-11 08:12:09.426159"], ["last_sign_in_ip", "::1/128"], ["current_sign_in_ip", "::1/128"], ["sign_in_count", 1], ["updated_at", "2015-05-11 08:12:09.429477"], ["id", 2]]
  [1m[36m (6.4ms)[0m  [1mCOMMIT[0m
Redirected to http://localhost:3000/
Completed 302 Found in 114ms (ActiveRecord: 23.0ms)


Started GET "/" for ::1 at 2015-05-11 02:12:09 -0600
Processing by Rails::WelcomeController#index as HTML
  Rendered /home/diugalde/.rbenv/versions/2.2.1/lib/ruby/gems/2.2.0/gems/railties-4.2.0/lib/rails/templates/rails/welcome/index.html.erb (0.1ms)
Completed 200 OK in 2ms (Views: 1.1ms | ActiveRecord: 0.0ms)
